<?xml version="1.0" encoding="UTF-8"?>
<testsuites>
  <testsuite name="" tests="57" assertions="197" errors="0" warnings="0" failures="0" skipped="0" time="0.330393">
    <testsuite name="phpunit" tests="57" assertions="197" errors="0" warnings="0" failures="0" skipped="0" time="0.330393">
      <testsuite name="phpunit\BasicHandlerTest" file="/app/test/phpunit/BasicHandlerTest.php" tests="13" assertions="26" errors="0" warnings="0" failures="0" skipped="0" time="0.082841">
        <testsuite name="phpunit\BasicHandlerTest::testSimpleRequestResponseHandler" tests="13" assertions="26" errors="0" warnings="0" failures="0" skipped="0" time="0.082841">
          <testcase name="testSimpleRequestResponseHandler with data set &quot;getArguments-1&quot;" class="phpunit\BasicHandlerTest" classname="phpunit.BasicHandlerTest" file="/app/test/phpunit/BasicHandlerTest.php" line="45" assertions="2" time="0.068595"/>
          <testcase name="testSimpleRequestResponseHandler with data set &quot;getArguments-2&quot;" class="phpunit\BasicHandlerTest" classname="phpunit.BasicHandlerTest" file="/app/test/phpunit/BasicHandlerTest.php" line="45" assertions="2" time="0.001193"/>
          <testcase name="testSimpleRequestResponseHandler with data set &quot;getArguments-3&quot;" class="phpunit\BasicHandlerTest" classname="phpunit.BasicHandlerTest" file="/app/test/phpunit/BasicHandlerTest.php" line="45" assertions="2" time="0.001274"/>
          <testcase name="testSimpleRequestResponseHandler with data set &quot;getArguments-4&quot;" class="phpunit\BasicHandlerTest" classname="phpunit.BasicHandlerTest" file="/app/test/phpunit/BasicHandlerTest.php" line="45" assertions="2" time="0.001052"/>
          <testcase name="testSimpleRequestResponseHandler with data set &quot;getArray&quot;" class="phpunit\BasicHandlerTest" classname="phpunit.BasicHandlerTest" file="/app/test/phpunit/BasicHandlerTest.php" line="45" assertions="2" time="0.001118"/>
          <testcase name="testSimpleRequestResponseHandler with data set &quot;getBool&quot;" class="phpunit\BasicHandlerTest" classname="phpunit.BasicHandlerTest" file="/app/test/phpunit/BasicHandlerTest.php" line="45" assertions="2" time="0.001061"/>
          <testcase name="testSimpleRequestResponseHandler with data set &quot;getError&quot;" class="phpunit\BasicHandlerTest" classname="phpunit.BasicHandlerTest" file="/app/test/phpunit/BasicHandlerTest.php" line="45" assertions="2" time="0.001161"/>
          <testcase name="testSimpleRequestResponseHandler with data set &quot;getErrorNull&quot;" class="phpunit\BasicHandlerTest" classname="phpunit.BasicHandlerTest" file="/app/test/phpunit/BasicHandlerTest.php" line="45" assertions="2" time="0.001103"/>
          <testcase name="testSimpleRequestResponseHandler with data set &quot;getFloat&quot;" class="phpunit\BasicHandlerTest" classname="phpunit.BasicHandlerTest" file="/app/test/phpunit/BasicHandlerTest.php" line="45" assertions="2" time="0.001179"/>
          <testcase name="testSimpleRequestResponseHandler with data set &quot;getIdentityToken&quot;" class="phpunit\BasicHandlerTest" classname="phpunit.BasicHandlerTest" file="/app/test/phpunit/BasicHandlerTest.php" line="45" assertions="2" time="0.001147"/>
          <testcase name="testSimpleRequestResponseHandler with data set &quot;getInt&quot;" class="phpunit\BasicHandlerTest" classname="phpunit.BasicHandlerTest" file="/app/test/phpunit/BasicHandlerTest.php" line="45" assertions="2" time="0.001461"/>
          <testcase name="testSimpleRequestResponseHandler with data set &quot;getNull&quot;" class="phpunit\BasicHandlerTest" classname="phpunit.BasicHandlerTest" file="/app/test/phpunit/BasicHandlerTest.php" line="45" assertions="2" time="0.001343"/>
          <testcase name="testSimpleRequestResponseHandler with data set &quot;getString&quot;" class="phpunit\BasicHandlerTest" classname="phpunit.BasicHandlerTest" file="/app/test/phpunit/BasicHandlerTest.php" line="45" assertions="2" time="0.001154"/>
        </testsuite>
      </testsuite>
      <testsuite name="phpunit\BasicWorkerTest" file="/app/test/phpunit/BasicWorkerTest.php" tests="9" assertions="38" errors="0" warnings="0" failures="0" skipped="0" time="0.115796">
        <testsuite name="phpunit\BasicWorkerTest::testSimpleRequestResponseHandler" tests="9" assertions="38" errors="0" warnings="0" failures="0" skipped="0" time="0.115796">
          <testcase name="testSimpleRequestResponseHandler with data set &quot;getArray&quot;" class="phpunit\BasicWorkerTest" classname="phpunit.BasicWorkerTest" file="/app/test/phpunit/BasicWorkerTest.php" line="51" assertions="4" time="0.022173"/>
          <testcase name="testSimpleRequestResponseHandler with data set &quot;getBool&quot;" class="phpunit\BasicWorkerTest" classname="phpunit.BasicWorkerTest" file="/app/test/phpunit/BasicWorkerTest.php" line="51" assertions="4" time="0.001680"/>
          <testcase name="testSimpleRequestResponseHandler with data set &quot;getError&quot;" class="phpunit\BasicWorkerTest" classname="phpunit.BasicWorkerTest" file="/app/test/phpunit/BasicWorkerTest.php" line="51" assertions="5" time="0.001726"/>
          <testcase name="testSimpleRequestResponseHandler with data set &quot;getErrorNull&quot;" class="phpunit\BasicWorkerTest" classname="phpunit.BasicWorkerTest" file="/app/test/phpunit/BasicWorkerTest.php" line="51" assertions="5" time="0.001555"/>
          <testcase name="testSimpleRequestResponseHandler with data set &quot;getFloat&quot;" class="phpunit\BasicWorkerTest" classname="phpunit.BasicWorkerTest" file="/app/test/phpunit/BasicWorkerTest.php" line="51" assertions="4" time="0.001463"/>
          <testcase name="testSimpleRequestResponseHandler with data set &quot;getInt&quot;" class="phpunit\BasicWorkerTest" classname="phpunit.BasicWorkerTest" file="/app/test/phpunit/BasicWorkerTest.php" line="51" assertions="4" time="0.001493"/>
          <testcase name="testSimpleRequestResponseHandler with data set &quot;getMyIdentity&quot;" class="phpunit\BasicWorkerTest" classname="phpunit.BasicWorkerTest" file="/app/test/phpunit/BasicWorkerTest.php" line="51" assertions="4" time="0.081997"/>
          <testcase name="testSimpleRequestResponseHandler with data set &quot;getNull&quot;" class="phpunit\BasicWorkerTest" classname="phpunit.BasicWorkerTest" file="/app/test/phpunit/BasicWorkerTest.php" line="51" assertions="4" time="0.001939"/>
          <testcase name="testSimpleRequestResponseHandler with data set &quot;getString&quot;" class="phpunit\BasicWorkerTest" classname="phpunit.BasicWorkerTest" file="/app/test/phpunit/BasicWorkerTest.php" line="51" assertions="4" time="0.001770"/>
        </testsuite>
      </testsuite>
      <testsuite name="phpunit\NormalWorkerTest" file="/app/test/phpunit/NormalWorkerTest.php" tests="31" assertions="101" errors="0" warnings="0" failures="0" skipped="0" time="0.122444">
        <testsuite name="phpunit\NormalWorkerTest::testDatatypesRequestResponseHandler" tests="5" assertions="25" errors="0" warnings="0" failures="0" skipped="0" time="0.084931">
          <testcase name="testDatatypesRequestResponseHandler with data set &quot;inputCustomDatatype but incomplete payload provided as input&quot;" class="phpunit\NormalWorkerTest" classname="phpunit.NormalWorkerTest" file="/app/test/phpunit/NormalWorkerTest.php" line="63" assertions="5" time="0.004641"/>
          <testcase name="testDatatypesRequestResponseHandler with data set &quot;inputCustomDatatype with optional and nullable property returns OK&quot;" class="phpunit\NormalWorkerTest" classname="phpunit.NormalWorkerTest" file="/app/test/phpunit/NormalWorkerTest.php" line="63" assertions="5" time="0.010795"/>
          <testcase name="testDatatypesRequestResponseHandler with data set &quot;inputCustomDatatype&quot;" class="phpunit\NormalWorkerTest" classname="phpunit.NormalWorkerTest" file="/app/test/phpunit/NormalWorkerTest.php" line="63" assertions="5" time="0.002758"/>
          <testcase name="testDatatypesRequestResponseHandler with data set &quot;inputCustomDatatype with attributes validation using Symfony validator loadValidatorMetadata&quot;" class="phpunit\NormalWorkerTest" classname="phpunit.NormalWorkerTest" file="/app/test/phpunit/NormalWorkerTest.php" line="63" assertions="5" time="0.064051"/>
          <testcase name="testDatatypesRequestResponseHandler with data set &quot;inputCustomDatatype with attributes validation using Symfony validator attributes&quot;" class="phpunit\NormalWorkerTest" classname="phpunit.NormalWorkerTest" file="/app/test/phpunit/NormalWorkerTest.php" line="63" assertions="5" time="0.002687"/>
        </testsuite>
        <testsuite name="phpunit\NormalWorkerTest::testSimpleRequestResponseHandler" tests="11" assertions="45" errors="0" warnings="0" failures="0" skipped="0" time="0.017337">
          <testcase name="testSimpleRequestResponseHandler with data set &quot;input5or6&quot;" class="phpunit\NormalWorkerTest" classname="phpunit.NormalWorkerTest" file="/app/test/phpunit/NormalWorkerTest.php" line="102" assertions="4" time="0.001680"/>
          <testcase name="testSimpleRequestResponseHandler with data set &quot;inputBool&quot;" class="phpunit\NormalWorkerTest" classname="phpunit.NormalWorkerTest" file="/app/test/phpunit/NormalWorkerTest.php" line="102" assertions="4" time="0.001534"/>
          <testcase name="testSimpleRequestResponseHandler with data set &quot;inputDate&quot;" class="phpunit\NormalWorkerTest" classname="phpunit.NormalWorkerTest" file="/app/test/phpunit/NormalWorkerTest.php" line="102" assertions="4" time="0.001550"/>
          <testcase name="testSimpleRequestResponseHandler with data set &quot;inputEnum2&quot;" class="phpunit\NormalWorkerTest" classname="phpunit.NormalWorkerTest" file="/app/test/phpunit/NormalWorkerTest.php" line="102" assertions="4" time="0.001515"/>
          <testcase name="testSimpleRequestResponseHandler with data set &quot;inputFloat&quot;" class="phpunit\NormalWorkerTest" classname="phpunit.NormalWorkerTest" file="/app/test/phpunit/NormalWorkerTest.php" line="102" assertions="4" time="0.001496"/>
          <testcase name="testSimpleRequestResponseHandler with data set &quot;inputInt&quot;" class="phpunit\NormalWorkerTest" classname="phpunit.NormalWorkerTest" file="/app/test/phpunit/NormalWorkerTest.php" line="102" assertions="4" time="0.001525"/>
          <testcase name="testSimpleRequestResponseHandler with data set &quot;inputNamedArguments&quot;" class="phpunit\NormalWorkerTest" classname="phpunit.NormalWorkerTest" file="/app/test/phpunit/NormalWorkerTest.php" line="102" assertions="5" time="0.001726"/>
          <testcase name="testSimpleRequestResponseHandler with data set &quot;inputNull&quot;" class="phpunit\NormalWorkerTest" classname="phpunit.NormalWorkerTest" file="/app/test/phpunit/NormalWorkerTest.php" line="102" assertions="4" time="0.001508"/>
          <testcase name="testSimpleRequestResponseHandler with data set &quot;inputString&quot;" class="phpunit\NormalWorkerTest" classname="phpunit.NormalWorkerTest" file="/app/test/phpunit/NormalWorkerTest.php" line="102" assertions="4" time="0.001500"/>
          <testcase name="testSimpleRequestResponseHandler with data set &quot;inputStringBetween1And5Characters&quot;" class="phpunit\NormalWorkerTest" classname="phpunit.NormalWorkerTest" file="/app/test/phpunit/NormalWorkerTest.php" line="102" assertions="4" time="0.001592"/>
          <testcase name="testSimpleRequestResponseHandler with data set &quot;inputUUIDorEmail&quot;" class="phpunit\NormalWorkerTest" classname="phpunit.NormalWorkerTest" file="/app/test/phpunit/NormalWorkerTest.php" line="102" assertions="4" time="0.001711"/>
        </testsuite>
        <testsuite name="phpunit\NormalWorkerTest::testSimpleSchemaGeneration" tests="11" assertions="11" errors="0" warnings="0" failures="0" skipped="0" time="0.013720">
          <testcase name="testSimpleSchemaGeneration with data set &quot;input5or6&quot;" class="phpunit\NormalWorkerTest" classname="phpunit.NormalWorkerTest" file="/app/test/phpunit/NormalWorkerTest.php" line="147" assertions="1" time="0.001911"/>
          <testcase name="testSimpleSchemaGeneration with data set &quot;inputBool&quot;" class="phpunit\NormalWorkerTest" classname="phpunit.NormalWorkerTest" file="/app/test/phpunit/NormalWorkerTest.php" line="147" assertions="1" time="0.001422"/>
          <testcase name="testSimpleSchemaGeneration with data set &quot;inputDate&quot;" class="phpunit\NormalWorkerTest" classname="phpunit.NormalWorkerTest" file="/app/test/phpunit/NormalWorkerTest.php" line="147" assertions="1" time="0.001253"/>
          <testcase name="testSimpleSchemaGeneration with data set &quot;inputEnum2&quot;" class="phpunit\NormalWorkerTest" classname="phpunit.NormalWorkerTest" file="/app/test/phpunit/NormalWorkerTest.php" line="147" assertions="1" time="0.001135"/>
          <testcase name="testSimpleSchemaGeneration with data set &quot;inputFloat&quot;" class="phpunit\NormalWorkerTest" classname="phpunit.NormalWorkerTest" file="/app/test/phpunit/NormalWorkerTest.php" line="147" assertions="1" time="0.001153"/>
          <testcase name="testSimpleSchemaGeneration with data set &quot;inputInt&quot;" class="phpunit\NormalWorkerTest" classname="phpunit.NormalWorkerTest" file="/app/test/phpunit/NormalWorkerTest.php" line="147" assertions="1" time="0.001203"/>
          <testcase name="testSimpleSchemaGeneration with data set &quot;inputNamedArguments&quot;" class="phpunit\NormalWorkerTest" classname="phpunit.NormalWorkerTest" file="/app/test/phpunit/NormalWorkerTest.php" line="147" assertions="1" time="0.001131"/>
          <testcase name="testSimpleSchemaGeneration with data set &quot;inputNull&quot;" class="phpunit\NormalWorkerTest" classname="phpunit.NormalWorkerTest" file="/app/test/phpunit/NormalWorkerTest.php" line="147" assertions="1" time="0.001165"/>
          <testcase name="testSimpleSchemaGeneration with data set &quot;inputString&quot;" class="phpunit\NormalWorkerTest" classname="phpunit.NormalWorkerTest" file="/app/test/phpunit/NormalWorkerTest.php" line="147" assertions="1" time="0.001110"/>
          <testcase name="testSimpleSchemaGeneration with data set &quot;inputStringBetween1And5Characters&quot;" class="phpunit\NormalWorkerTest" classname="phpunit.NormalWorkerTest" file="/app/test/phpunit/NormalWorkerTest.php" line="147" assertions="1" time="0.001156"/>
          <testcase name="testSimpleSchemaGeneration with data set &quot;inputUUIDorEmail&quot;" class="phpunit\NormalWorkerTest" classname="phpunit.NormalWorkerTest" file="/app/test/phpunit/NormalWorkerTest.php" line="147" assertions="1" time="0.001082"/>
        </testsuite>
        <testsuite name="phpunit\NormalWorkerTest::testSimpleMethodValidations" tests="4" assertions="20" errors="0" warnings="0" failures="0" skipped="0" time="0.006455">
          <testcase name="testSimpleMethodValidations with data set &quot;inputArray&quot;" class="phpunit\NormalWorkerTest" classname="phpunit.NormalWorkerTest" file="/app/test/phpunit/NormalWorkerTest.php" line="176" assertions="5" time="0.001807"/>
          <testcase name="testSimpleMethodValidations with data set &quot;inputEnum1&quot;" class="phpunit\NormalWorkerTest" classname="phpunit.NormalWorkerTest" file="/app/test/phpunit/NormalWorkerTest.php" line="176" assertions="5" time="0.001490"/>
          <testcase name="testSimpleMethodValidations with data set &quot;inputEnum2&quot;" class="phpunit\NormalWorkerTest" classname="phpunit.NormalWorkerTest" file="/app/test/phpunit/NormalWorkerTest.php" line="176" assertions="5" time="0.001583"/>
          <testcase name="testSimpleMethodValidations with data set &quot;inputIntOrString&quot;" class="phpunit\NormalWorkerTest" classname="phpunit.NormalWorkerTest" file="/app/test/phpunit/NormalWorkerTest.php" line="176" assertions="5" time="0.001575"/>
        </testsuite>
      </testsuite>
      <testsuite name="phpunit\ServiceTest" file="/app/test/phpunit/ServiceTest.php" tests="4" assertions="32" errors="0" warnings="0" failures="0" skipped="0" time="0.009312">
        <testsuite name="phpunit\ServiceTest::testRunBehaviour" tests="4" assertions="32" errors="0" warnings="0" failures="0" skipped="0" time="0.009312">
          <testcase name="testRunBehaviour with data set &quot;failure-response&quot;" class="phpunit\ServiceTest" classname="phpunit.ServiceTest" file="/app/test/phpunit/ServiceTest.php" line="39" assertions="8" time="0.003807"/>
          <testcase name="testRunBehaviour with data set &quot;success-response&quot;" class="phpunit\ServiceTest" classname="phpunit.ServiceTest" file="/app/test/phpunit/ServiceTest.php" line="39" assertions="8" time="0.002004"/>
          <testcase name="testRunBehaviour with data set &quot;svc-err-failure&quot;" class="phpunit\ServiceTest" classname="phpunit.ServiceTest" file="/app/test/phpunit/ServiceTest.php" line="39" assertions="8" time="0.001833"/>
          <testcase name="testRunBehaviour with data set &quot;svc-err-response&quot;" class="phpunit\ServiceTest" classname="phpunit.ServiceTest" file="/app/test/phpunit/ServiceTest.php" line="39" assertions="8" time="0.001668"/>
        </testsuite>
      </testsuite>
    </testsuite>
  </testsuite>
</testsuites>
