<?xml version="1.0" encoding="UTF-8"?>
<testsuites>
  <testsuite name="" tests="57" assertions="197" errors="0" warnings="0" failures="0" skipped="0" time="0.335502">
    <testsuite name="phpunit" tests="57" assertions="197" errors="0" warnings="0" failures="0" skipped="0" time="0.335502">
      <testsuite name="phpunit\BasicHandlerTest" file="/app/test/phpunit/BasicHandlerTest.php" tests="13" assertions="26" errors="0" warnings="0" failures="0" skipped="0" time="0.081246">
        <testsuite name="phpunit\BasicHandlerTest::testSimpleRequestResponseHandler" tests="13" assertions="26" errors="0" warnings="0" failures="0" skipped="0" time="0.081246">
          <testcase name="testSimpleRequestResponseHandler with data set &quot;getArguments-1&quot;" class="phpunit\BasicHandlerTest" classname="phpunit.BasicHandlerTest" file="/app/test/phpunit/BasicHandlerTest.php" line="45" assertions="2" time="0.067990"/>
          <testcase name="testSimpleRequestResponseHandler with data set &quot;getArguments-2&quot;" class="phpunit\BasicHandlerTest" classname="phpunit.BasicHandlerTest" file="/app/test/phpunit/BasicHandlerTest.php" line="45" assertions="2" time="0.001292"/>
          <testcase name="testSimpleRequestResponseHandler with data set &quot;getArguments-3&quot;" class="phpunit\BasicHandlerTest" classname="phpunit.BasicHandlerTest" file="/app/test/phpunit/BasicHandlerTest.php" line="45" assertions="2" time="0.001018"/>
          <testcase name="testSimpleRequestResponseHandler with data set &quot;getArguments-4&quot;" class="phpunit\BasicHandlerTest" classname="phpunit.BasicHandlerTest" file="/app/test/phpunit/BasicHandlerTest.php" line="45" assertions="2" time="0.001074"/>
          <testcase name="testSimpleRequestResponseHandler with data set &quot;getArray&quot;" class="phpunit\BasicHandlerTest" classname="phpunit.BasicHandlerTest" file="/app/test/phpunit/BasicHandlerTest.php" line="45" assertions="2" time="0.001116"/>
          <testcase name="testSimpleRequestResponseHandler with data set &quot;getBool&quot;" class="phpunit\BasicHandlerTest" classname="phpunit.BasicHandlerTest" file="/app/test/phpunit/BasicHandlerTest.php" line="45" assertions="2" time="0.001172"/>
          <testcase name="testSimpleRequestResponseHandler with data set &quot;getError&quot;" class="phpunit\BasicHandlerTest" classname="phpunit.BasicHandlerTest" file="/app/test/phpunit/BasicHandlerTest.php" line="45" assertions="2" time="0.001041"/>
          <testcase name="testSimpleRequestResponseHandler with data set &quot;getErrorNull&quot;" class="phpunit\BasicHandlerTest" classname="phpunit.BasicHandlerTest" file="/app/test/phpunit/BasicHandlerTest.php" line="45" assertions="2" time="0.001061"/>
          <testcase name="testSimpleRequestResponseHandler with data set &quot;getFloat&quot;" class="phpunit\BasicHandlerTest" classname="phpunit.BasicHandlerTest" file="/app/test/phpunit/BasicHandlerTest.php" line="45" assertions="2" time="0.001082"/>
          <testcase name="testSimpleRequestResponseHandler with data set &quot;getIdentityToken&quot;" class="phpunit\BasicHandlerTest" classname="phpunit.BasicHandlerTest" file="/app/test/phpunit/BasicHandlerTest.php" line="45" assertions="2" time="0.001092"/>
          <testcase name="testSimpleRequestResponseHandler with data set &quot;getInt&quot;" class="phpunit\BasicHandlerTest" classname="phpunit.BasicHandlerTest" file="/app/test/phpunit/BasicHandlerTest.php" line="45" assertions="2" time="0.001122"/>
          <testcase name="testSimpleRequestResponseHandler with data set &quot;getNull&quot;" class="phpunit\BasicHandlerTest" classname="phpunit.BasicHandlerTest" file="/app/test/phpunit/BasicHandlerTest.php" line="45" assertions="2" time="0.001113"/>
          <testcase name="testSimpleRequestResponseHandler with data set &quot;getString&quot;" class="phpunit\BasicHandlerTest" classname="phpunit.BasicHandlerTest" file="/app/test/phpunit/BasicHandlerTest.php" line="45" assertions="2" time="0.001076"/>
        </testsuite>
      </testsuite>
      <testsuite name="phpunit\BasicWorkerTest" file="/app/test/phpunit/BasicWorkerTest.php" tests="9" assertions="38" errors="0" warnings="0" failures="0" skipped="0" time="0.086446">
        <testsuite name="phpunit\BasicWorkerTest::testSimpleRequestResponseHandler" tests="9" assertions="38" errors="0" warnings="0" failures="0" skipped="0" time="0.086446">
          <testcase name="testSimpleRequestResponseHandler with data set &quot;getArray&quot;" class="phpunit\BasicWorkerTest" classname="phpunit.BasicWorkerTest" file="/app/test/phpunit/BasicWorkerTest.php" line="51" assertions="4" time="0.074241"/>
          <testcase name="testSimpleRequestResponseHandler with data set &quot;getBool&quot;" class="phpunit\BasicWorkerTest" classname="phpunit.BasicWorkerTest" file="/app/test/phpunit/BasicWorkerTest.php" line="51" assertions="4" time="0.001583"/>
          <testcase name="testSimpleRequestResponseHandler with data set &quot;getError&quot;" class="phpunit\BasicWorkerTest" classname="phpunit.BasicWorkerTest" file="/app/test/phpunit/BasicWorkerTest.php" line="51" assertions="5" time="0.001684"/>
          <testcase name="testSimpleRequestResponseHandler with data set &quot;getErrorNull&quot;" class="phpunit\BasicWorkerTest" classname="phpunit.BasicWorkerTest" file="/app/test/phpunit/BasicWorkerTest.php" line="51" assertions="5" time="0.001499"/>
          <testcase name="testSimpleRequestResponseHandler with data set &quot;getFloat&quot;" class="phpunit\BasicWorkerTest" classname="phpunit.BasicWorkerTest" file="/app/test/phpunit/BasicWorkerTest.php" line="51" assertions="4" time="0.001502"/>
          <testcase name="testSimpleRequestResponseHandler with data set &quot;getInt&quot;" class="phpunit\BasicWorkerTest" classname="phpunit.BasicWorkerTest" file="/app/test/phpunit/BasicWorkerTest.php" line="51" assertions="4" time="0.001463"/>
          <testcase name="testSimpleRequestResponseHandler with data set &quot;getMyIdentity&quot;" class="phpunit\BasicWorkerTest" classname="phpunit.BasicWorkerTest" file="/app/test/phpunit/BasicWorkerTest.php" line="51" assertions="4" time="0.001469"/>
          <testcase name="testSimpleRequestResponseHandler with data set &quot;getNull&quot;" class="phpunit\BasicWorkerTest" classname="phpunit.BasicWorkerTest" file="/app/test/phpunit/BasicWorkerTest.php" line="51" assertions="4" time="0.001468"/>
          <testcase name="testSimpleRequestResponseHandler with data set &quot;getString&quot;" class="phpunit\BasicWorkerTest" classname="phpunit.BasicWorkerTest" file="/app/test/phpunit/BasicWorkerTest.php" line="51" assertions="4" time="0.001539"/>
        </testsuite>
      </testsuite>
      <testsuite name="phpunit\NormalWorkerTest" file="/app/test/phpunit/NormalWorkerTest.php" tests="31" assertions="101" errors="0" warnings="0" failures="0" skipped="0" time="0.159536">
        <testsuite name="phpunit\NormalWorkerTest::testDatatypesRequestResponseHandler" tests="5" assertions="25" errors="0" warnings="0" failures="0" skipped="0" time="0.023199">
          <testcase name="testDatatypesRequestResponseHandler with data set &quot;inputCustomDatatype but incomplete payload provided as input&quot;" class="phpunit\NormalWorkerTest" classname="phpunit.NormalWorkerTest" file="/app/test/phpunit/NormalWorkerTest.php" line="63" assertions="5" time="0.004436"/>
          <testcase name="testDatatypesRequestResponseHandler with data set &quot;inputCustomDatatype with optional and nullable property returns OK&quot;" class="phpunit\NormalWorkerTest" classname="phpunit.NormalWorkerTest" file="/app/test/phpunit/NormalWorkerTest.php" line="63" assertions="5" time="0.010493"/>
          <testcase name="testDatatypesRequestResponseHandler with data set &quot;inputCustomDatatype&quot;" class="phpunit\NormalWorkerTest" classname="phpunit.NormalWorkerTest" file="/app/test/phpunit/NormalWorkerTest.php" line="63" assertions="5" time="0.002513"/>
          <testcase name="testDatatypesRequestResponseHandler with data set &quot;inputCustomDatatype with attributes validation using Symfony validator loadValidatorMetadata&quot;" class="phpunit\NormalWorkerTest" classname="phpunit.NormalWorkerTest" file="/app/test/phpunit/NormalWorkerTest.php" line="63" assertions="5" time="0.003450"/>
          <testcase name="testDatatypesRequestResponseHandler with data set &quot;inputCustomDatatype with attributes validation using Symfony validator attributes&quot;" class="phpunit\NormalWorkerTest" classname="phpunit.NormalWorkerTest" file="/app/test/phpunit/NormalWorkerTest.php" line="63" assertions="5" time="0.002307"/>
        </testsuite>
        <testsuite name="phpunit\NormalWorkerTest::testSimpleRequestResponseHandler" tests="11" assertions="45" errors="0" warnings="0" failures="0" skipped="0" time="0.065139">
          <testcase name="testSimpleRequestResponseHandler with data set &quot;input5or6&quot;" class="phpunit\NormalWorkerTest" classname="phpunit.NormalWorkerTest" file="/app/test/phpunit/NormalWorkerTest.php" line="102" assertions="4" time="0.001540"/>
          <testcase name="testSimpleRequestResponseHandler with data set &quot;inputBool&quot;" class="phpunit\NormalWorkerTest" classname="phpunit.NormalWorkerTest" file="/app/test/phpunit/NormalWorkerTest.php" line="102" assertions="4" time="0.001594"/>
          <testcase name="testSimpleRequestResponseHandler with data set &quot;inputDate&quot;" class="phpunit\NormalWorkerTest" classname="phpunit.NormalWorkerTest" file="/app/test/phpunit/NormalWorkerTest.php" line="102" assertions="4" time="0.001509"/>
          <testcase name="testSimpleRequestResponseHandler with data set &quot;inputEnum2&quot;" class="phpunit\NormalWorkerTest" classname="phpunit.NormalWorkerTest" file="/app/test/phpunit/NormalWorkerTest.php" line="102" assertions="4" time="0.001525"/>
          <testcase name="testSimpleRequestResponseHandler with data set &quot;inputFloat&quot;" class="phpunit\NormalWorkerTest" classname="phpunit.NormalWorkerTest" file="/app/test/phpunit/NormalWorkerTest.php" line="102" assertions="4" time="0.049699"/>
          <testcase name="testSimpleRequestResponseHandler with data set &quot;inputInt&quot;" class="phpunit\NormalWorkerTest" classname="phpunit.NormalWorkerTest" file="/app/test/phpunit/NormalWorkerTest.php" line="102" assertions="4" time="0.001528"/>
          <testcase name="testSimpleRequestResponseHandler with data set &quot;inputNamedArguments&quot;" class="phpunit\NormalWorkerTest" classname="phpunit.NormalWorkerTest" file="/app/test/phpunit/NormalWorkerTest.php" line="102" assertions="5" time="0.001690"/>
          <testcase name="testSimpleRequestResponseHandler with data set &quot;inputNull&quot;" class="phpunit\NormalWorkerTest" classname="phpunit.NormalWorkerTest" file="/app/test/phpunit/NormalWorkerTest.php" line="102" assertions="4" time="0.001534"/>
          <testcase name="testSimpleRequestResponseHandler with data set &quot;inputString&quot;" class="phpunit\NormalWorkerTest" classname="phpunit.NormalWorkerTest" file="/app/test/phpunit/NormalWorkerTest.php" line="102" assertions="4" time="0.001525"/>
          <testcase name="testSimpleRequestResponseHandler with data set &quot;inputStringBetween1And5Characters&quot;" class="phpunit\NormalWorkerTest" classname="phpunit.NormalWorkerTest" file="/app/test/phpunit/NormalWorkerTest.php" line="102" assertions="4" time="0.001489"/>
          <testcase name="testSimpleRequestResponseHandler with data set &quot;inputUUIDorEmail&quot;" class="phpunit\NormalWorkerTest" classname="phpunit.NormalWorkerTest" file="/app/test/phpunit/NormalWorkerTest.php" line="102" assertions="4" time="0.001506"/>
        </testsuite>
        <testsuite name="phpunit\NormalWorkerTest::testSimpleSchemaGeneration" tests="11" assertions="11" errors="0" warnings="0" failures="0" skipped="0" time="0.065140">
          <testcase name="testSimpleSchemaGeneration with data set &quot;input5or6&quot;" class="phpunit\NormalWorkerTest" classname="phpunit.NormalWorkerTest" file="/app/test/phpunit/NormalWorkerTest.php" line="147" assertions="1" time="0.001762"/>
          <testcase name="testSimpleSchemaGeneration with data set &quot;inputBool&quot;" class="phpunit\NormalWorkerTest" classname="phpunit.NormalWorkerTest" file="/app/test/phpunit/NormalWorkerTest.php" line="147" assertions="1" time="0.001046"/>
          <testcase name="testSimpleSchemaGeneration with data set &quot;inputDate&quot;" class="phpunit\NormalWorkerTest" classname="phpunit.NormalWorkerTest" file="/app/test/phpunit/NormalWorkerTest.php" line="147" assertions="1" time="0.001150"/>
          <testcase name="testSimpleSchemaGeneration with data set &quot;inputEnum2&quot;" class="phpunit\NormalWorkerTest" classname="phpunit.NormalWorkerTest" file="/app/test/phpunit/NormalWorkerTest.php" line="147" assertions="1" time="0.001114"/>
          <testcase name="testSimpleSchemaGeneration with data set &quot;inputFloat&quot;" class="phpunit\NormalWorkerTest" classname="phpunit.NormalWorkerTest" file="/app/test/phpunit/NormalWorkerTest.php" line="147" assertions="1" time="0.001142"/>
          <testcase name="testSimpleSchemaGeneration with data set &quot;inputInt&quot;" class="phpunit\NormalWorkerTest" classname="phpunit.NormalWorkerTest" file="/app/test/phpunit/NormalWorkerTest.php" line="147" assertions="1" time="0.001110"/>
          <testcase name="testSimpleSchemaGeneration with data set &quot;inputNamedArguments&quot;" class="phpunit\NormalWorkerTest" classname="phpunit.NormalWorkerTest" file="/app/test/phpunit/NormalWorkerTest.php" line="147" assertions="1" time="0.053309"/>
          <testcase name="testSimpleSchemaGeneration with data set &quot;inputNull&quot;" class="phpunit\NormalWorkerTest" classname="phpunit.NormalWorkerTest" file="/app/test/phpunit/NormalWorkerTest.php" line="147" assertions="1" time="0.001154"/>
          <testcase name="testSimpleSchemaGeneration with data set &quot;inputString&quot;" class="phpunit\NormalWorkerTest" classname="phpunit.NormalWorkerTest" file="/app/test/phpunit/NormalWorkerTest.php" line="147" assertions="1" time="0.001133"/>
          <testcase name="testSimpleSchemaGeneration with data set &quot;inputStringBetween1And5Characters&quot;" class="phpunit\NormalWorkerTest" classname="phpunit.NormalWorkerTest" file="/app/test/phpunit/NormalWorkerTest.php" line="147" assertions="1" time="0.001108"/>
          <testcase name="testSimpleSchemaGeneration with data set &quot;inputUUIDorEmail&quot;" class="phpunit\NormalWorkerTest" classname="phpunit.NormalWorkerTest" file="/app/test/phpunit/NormalWorkerTest.php" line="147" assertions="1" time="0.001112"/>
        </testsuite>
        <testsuite name="phpunit\NormalWorkerTest::testSimpleMethodValidations" tests="4" assertions="20" errors="0" warnings="0" failures="0" skipped="0" time="0.006057">
          <testcase name="testSimpleMethodValidations with data set &quot;inputArray&quot;" class="phpunit\NormalWorkerTest" classname="phpunit.NormalWorkerTest" file="/app/test/phpunit/NormalWorkerTest.php" line="176" assertions="5" time="0.001639"/>
          <testcase name="testSimpleMethodValidations with data set &quot;inputEnum1&quot;" class="phpunit\NormalWorkerTest" classname="phpunit.NormalWorkerTest" file="/app/test/phpunit/NormalWorkerTest.php" line="176" assertions="5" time="0.001410"/>
          <testcase name="testSimpleMethodValidations with data set &quot;inputEnum2&quot;" class="phpunit\NormalWorkerTest" classname="phpunit.NormalWorkerTest" file="/app/test/phpunit/NormalWorkerTest.php" line="176" assertions="5" time="0.001498"/>
          <testcase name="testSimpleMethodValidations with data set &quot;inputIntOrString&quot;" class="phpunit\NormalWorkerTest" classname="phpunit.NormalWorkerTest" file="/app/test/phpunit/NormalWorkerTest.php" line="176" assertions="5" time="0.001511"/>
        </testsuite>
      </testsuite>
      <testsuite name="phpunit\ServiceTest" file="/app/test/phpunit/ServiceTest.php" tests="4" assertions="32" errors="0" warnings="0" failures="0" skipped="0" time="0.008273">
        <testsuite name="phpunit\ServiceTest::testRunBehaviour" tests="4" assertions="32" errors="0" warnings="0" failures="0" skipped="0" time="0.008273">
          <testcase name="testRunBehaviour with data set &quot;failure-response&quot;" class="phpunit\ServiceTest" classname="phpunit.ServiceTest" file="/app/test/phpunit/ServiceTest.php" line="39" assertions="8" time="0.003010"/>
          <testcase name="testRunBehaviour with data set &quot;success-response&quot;" class="phpunit\ServiceTest" classname="phpunit.ServiceTest" file="/app/test/phpunit/ServiceTest.php" line="39" assertions="8" time="0.001848"/>
          <testcase name="testRunBehaviour with data set &quot;svc-err-failure&quot;" class="phpunit\ServiceTest" classname="phpunit.ServiceTest" file="/app/test/phpunit/ServiceTest.php" line="39" assertions="8" time="0.001793"/>
          <testcase name="testRunBehaviour with data set &quot;svc-err-response&quot;" class="phpunit\ServiceTest" classname="phpunit.ServiceTest" file="/app/test/phpunit/ServiceTest.php" line="39" assertions="8" time="0.001622"/>
        </testsuite>
      </testsuite>
    </testsuite>
  </testsuite>
</testsuites>
