<?xml version="1.0" encoding="UTF-8"?>
<!DOCTYPE coverage SYSTEM "http://cobertura.sourceforge.net/xml/coverage-04.dtd">
<coverage line-rate="0.67705382436261" branch-rate="0" lines-covered="239" lines-valid="353" branches-covered="0" branches-valid="0" complexity="188" version="0.4" timestamp="1704229917">
  <sources>
    <source>/app/src</source>
  </sources>
  <packages>
    <package name="ApiServer.php" line-rate="1" branch-rate="0" complexity="6">
      <classes>
        <class name="myrpc\ApiServer" filename="ApiServer.php" line-rate="1" branch-rate="0" complexity="6">
          <methods>
            <method name="__construct" signature="myrpc\Handler\HandlerFactoryInterface $handlerFactory, myrpc\Request\RequestFactoryInterface $requestFactory, myrpc\Response\ResponseFactoryInterface $responseFactory, myrpc\Identity\IdentityFactoryInterface $identityFactory, myrpc\Schema\SchemaFactoryInterface $schemaFactory, myrpc\Handler\Context\ContextFactoryInterface $handlerContextFactory, Psr\Log\LoggerInterface $logger" line-rate="1" branch-rate="0" complexity="1">
              <lines>
                <line number="30" hits="57"/>
              </lines>
            </method>
            <method name="run" signature="mixed $payload" line-rate="1" branch-rate="0" complexity="5">
              <lines>
                <line number="35" hits="46"/>
                <line number="36" hits="46"/>
                <line number="38" hits="46"/>
                <line number="39" hits="46"/>
                <line number="44" hits="46"/>
                <line number="45" hits="46"/>
                <line number="47" hits="46"/>
                <line number="51" hits="29"/>
                <line number="54" hits="46"/>
                <line number="56" hits="46"/>
                <line number="57" hits="46"/>
                <line number="59" hits="46"/>
                <line number="61" hits="39"/>
                <line number="63" hits="37"/>
                <line number="64" hits="5"/>
                <line number="65" hits="5"/>
                <line number="66" hits="5"/>
                <line number="67" hits="5"/>
                <line number="68" hits="5"/>
                <line number="72" hits="32"/>
                <line number="73" hits="9"/>
                <line number="74" hits="8"/>
                <line number="79" hits="8"/>
                <line number="80" hits="8"/>
                <line number="81" hits="8"/>
                <line number="82" hits="8"/>
                <line number="83" hits="8"/>
                <line number="84" hits="1"/>
                <line number="85" hits="1"/>
                <line number="88" hits="1"/>
              </lines>
            </method>
          </methods>
          <lines>
            <line number="30" hits="57"/>
            <line number="35" hits="46"/>
            <line number="36" hits="46"/>
            <line number="38" hits="46"/>
            <line number="39" hits="46"/>
            <line number="44" hits="46"/>
            <line number="45" hits="46"/>
            <line number="47" hits="46"/>
            <line number="51" hits="29"/>
            <line number="54" hits="46"/>
            <line number="56" hits="46"/>
            <line number="57" hits="46"/>
            <line number="59" hits="46"/>
            <line number="61" hits="39"/>
            <line number="63" hits="37"/>
            <line number="64" hits="5"/>
            <line number="65" hits="5"/>
            <line number="66" hits="5"/>
            <line number="67" hits="5"/>
            <line number="68" hits="5"/>
            <line number="72" hits="32"/>
            <line number="73" hits="9"/>
            <line number="74" hits="8"/>
            <line number="79" hits="8"/>
            <line number="80" hits="8"/>
            <line number="81" hits="8"/>
            <line number="82" hits="8"/>
            <line number="83" hits="8"/>
            <line number="84" hits="1"/>
            <line number="85" hits="1"/>
            <line number="88" hits="1"/>
          </lines>
        </class>
      </classes>
    </package>
    <package name="Datatype/DatatypeFactory.php" line-rate="0.052631578947368" branch-rate="0" complexity="10">
      <classes>
        <class name="myrpc\Datatype\DatatypeFactory" filename="Datatype/DatatypeFactory.php" line-rate="0.052631578947368" branch-rate="0" complexity="10">
          <methods>
            <method name="__construct" signature="Psr\Container\ContainerInterface $typesSource" line-rate="1" branch-rate="0" complexity="1">
              <lines>
                <line number="19" hits="29"/>
              </lines>
            </method>
            <method name="hasUserspaceType" signature="string $typeName" line-rate="0" branch-rate="0" complexity="1">
              <lines>
                <line number="23" hits="0"/>
              </lines>
            </method>
            <method name="getUserspaceType" signature="string $typeName" line-rate="0" branch-rate="0" complexity="1">
              <lines>
                <line number="31" hits="0"/>
              </lines>
            </method>
            <method name="getInternalErrorResponseType" signature="string $message, ?int $code" line-rate="0" branch-rate="0" complexity="1">
              <lines>
                <line number="36" hits="0"/>
              </lines>
            </method>
            <method name="getInternalSuccessResponseType" signature="object|array|string|int|float|bool|null $response" line-rate="0" branch-rate="0" complexity="1">
              <lines>
                <line number="41" hits="0"/>
              </lines>
            </method>
            <method name="create" signature="string $typeName" line-rate="0" branch-rate="0" complexity="5">
              <lines>
                <line number="49" hits="0"/>
                <line number="50" hits="0"/>
                <line number="54" hits="0"/>
                <line number="55" hits="0"/>
                <line number="56" hits="0"/>
                <line number="57" hits="0"/>
                <line number="58" hits="0"/>
                <line number="59" hits="0"/>
                <line number="60" hits="0"/>
                <line number="61" hits="0"/>
                <line number="62" hits="0"/>
                <line number="65" hits="0"/>
                <line number="66" hits="0"/>
                <line number="69" hits="0"/>
              </lines>
            </method>
          </methods>
          <lines>
            <line number="19" hits="29"/>
            <line number="23" hits="0"/>
            <line number="31" hits="0"/>
            <line number="36" hits="0"/>
            <line number="41" hits="0"/>
            <line number="49" hits="0"/>
            <line number="50" hits="0"/>
            <line number="54" hits="0"/>
            <line number="55" hits="0"/>
            <line number="56" hits="0"/>
            <line number="57" hits="0"/>
            <line number="58" hits="0"/>
            <line number="59" hits="0"/>
            <line number="60" hits="0"/>
            <line number="61" hits="0"/>
            <line number="62" hits="0"/>
            <line number="65" hits="0"/>
            <line number="66" hits="0"/>
            <line number="69" hits="0"/>
          </lines>
        </class>
      </classes>
    </package>
    <package name="Datatype/DatatypeFactoryInterface.php" line-rate="0" branch-rate="0" complexity="0">
      <classes/>
    </package>
    <package name="Datatype/Internal/AbstractDatatype.php" line-rate="1" branch-rate="0" complexity="2">
      <classes>
        <class name="myrpc\Datatype\Internal\AbstractDatatype" filename="Datatype/Internal/AbstractDatatype.php" line-rate="1" branch-rate="0" complexity="2">
          <methods>
            <method name="getPayload" signature="" line-rate="1" branch-rate="0" complexity="1">
              <lines>
                <line number="14" hits="3"/>
              </lines>
            </method>
            <method name="validatableObject" signature="" line-rate="1" branch-rate="0" complexity="1">
              <lines>
                <line number="19" hits="4"/>
              </lines>
            </method>
          </methods>
          <lines>
            <line number="14" hits="3"/>
            <line number="19" hits="4"/>
          </lines>
        </class>
      </classes>
    </package>
    <package name="Datatype/Internal/v1/Response/Error.php" line-rate="0" branch-rate="0" complexity="1">
      <classes>
        <class name="myrpc\Datatype\Internal\v1\Response\Error" filename="Datatype/Internal/v1/Response/Error.php" line-rate="0" branch-rate="0" complexity="1">
          <methods>
            <method name="__construct" signature="object|array|string|int|float|bool|null $error, ?int $code" line-rate="0" branch-rate="0" complexity="1">
              <lines>
                <line number="15" hits="0"/>
              </lines>
            </method>
          </methods>
          <lines>
            <line number="15" hits="0"/>
          </lines>
        </class>
      </classes>
    </package>
    <package name="Datatype/Internal/v1/Response/Success.php" line-rate="1" branch-rate="0" complexity="1">
      <classes>
        <class name="myrpc\Datatype\Internal\v1\Response\Success" filename="Datatype/Internal/v1/Response/Success.php" line-rate="1" branch-rate="0" complexity="1">
          <methods>
            <method name="__construct" signature="object|array|string|int|float|bool|null $success" line-rate="1" branch-rate="0" complexity="1">
              <lines>
                <line number="22" hits="1"/>
              </lines>
            </method>
          </methods>
          <lines>
            <line number="22" hits="1"/>
          </lines>
        </class>
      </classes>
    </package>
    <package name="Datatype/UserspaceDatatypeFactoryInterface.php" line-rate="0" branch-rate="0" complexity="0">
      <classes/>
    </package>
    <package name="Exception/DatatypeException.php" line-rate="0" branch-rate="0" complexity="0">
      <classes>
        <class name="myrpc\Exception\DatatypeException" filename="Exception/DatatypeException.php" line-rate="0" branch-rate="0" complexity="0">
          <methods/>
          <lines/>
        </class>
      </classes>
    </package>
    <package name="Exception/HandlerActionArgumentsException.php" line-rate="0" branch-rate="0" complexity="0">
      <classes>
        <class name="myrpc\Exception\HandlerActionArgumentsException" filename="Exception/HandlerActionArgumentsException.php" line-rate="0" branch-rate="0" complexity="0">
          <methods/>
          <lines/>
        </class>
      </classes>
    </package>
    <package name="Exception/HandlerActionException.php" line-rate="0" branch-rate="0" complexity="0">
      <classes>
        <class name="myrpc\Exception\HandlerActionException" filename="Exception/HandlerActionException.php" line-rate="0" branch-rate="0" complexity="0">
          <methods/>
          <lines/>
        </class>
      </classes>
    </package>
    <package name="Exception/HandlerActionInputException.php" line-rate="0" branch-rate="0" complexity="0">
      <classes>
        <class name="myrpc\Exception\HandlerActionInputException" filename="Exception/HandlerActionInputException.php" line-rate="0" branch-rate="0" complexity="0">
          <methods/>
          <lines/>
        </class>
      </classes>
    </package>
    <package name="Exception/HandlerActionSerializerException.php" line-rate="0" branch-rate="0" complexity="0">
      <classes>
        <class name="myrpc\Exception\HandlerActionSerializerException" filename="Exception/HandlerActionSerializerException.php" line-rate="0" branch-rate="0" complexity="0">
          <methods/>
          <lines/>
        </class>
      </classes>
    </package>
    <package name="Exception/HandlerActionTypeException.php" line-rate="0" branch-rate="0" complexity="0">
      <classes>
        <class name="myrpc\Exception\HandlerActionTypeException" filename="Exception/HandlerActionTypeException.php" line-rate="0" branch-rate="0" complexity="0">
          <methods/>
          <lines/>
        </class>
      </classes>
    </package>
    <package name="Exception/HandlerActionValidationException.php" line-rate="0" branch-rate="0" complexity="0">
      <classes>
        <class name="myrpc\Exception\HandlerActionValidationException" filename="Exception/HandlerActionValidationException.php" line-rate="0" branch-rate="0" complexity="0">
          <methods/>
          <lines/>
        </class>
      </classes>
    </package>
    <package name="Exception/SerializerException.php" line-rate="0" branch-rate="0" complexity="0">
      <classes>
        <class name="myrpc\Exception\SerializerException" filename="Exception/SerializerException.php" line-rate="0" branch-rate="0" complexity="0">
          <methods/>
          <lines/>
        </class>
      </classes>
    </package>
    <package name="Exception/SerializerObjectAssertException.php" line-rate="0" branch-rate="0" complexity="0">
      <classes>
        <class name="myrpc\Exception\SerializerObjectAssertException" filename="Exception/SerializerObjectAssertException.php" line-rate="0" branch-rate="0" complexity="0">
          <methods/>
          <lines/>
        </class>
      </classes>
    </package>
    <package name="Exception/ServiceAuthenticationException.php" line-rate="0" branch-rate="0" complexity="0">
      <classes>
        <class name="myrpc\Exception\ServiceAuthenticationException" filename="Exception/ServiceAuthenticationException.php" line-rate="0" branch-rate="0" complexity="0">
          <methods/>
          <lines/>
        </class>
      </classes>
    </package>
    <package name="Exception/ServiceException.php" line-rate="1" branch-rate="0" complexity="1">
      <classes>
        <class name="myrpc\Exception\ServiceException" filename="Exception/ServiceException.php" line-rate="1" branch-rate="0" complexity="1">
          <methods>
            <method name="getLogMessage" signature="" line-rate="1" branch-rate="0" complexity="1">
              <lines>
                <line number="19" hits="8"/>
              </lines>
            </method>
          </methods>
          <lines>
            <line number="19" hits="8"/>
          </lines>
        </class>
      </classes>
    </package>
    <package name="Exception/ValidatorException.php" line-rate="0" branch-rate="0" complexity="0">
      <classes>
        <class name="myrpc\Exception\ValidatorException" filename="Exception/ValidatorException.php" line-rate="0" branch-rate="0" complexity="0">
          <methods/>
          <lines/>
        </class>
      </classes>
    </package>
    <package name="Handler/Context/Context.php" line-rate="0.41666666666667" branch-rate="0" complexity="11">
      <classes>
        <class name="myrpc\Handler\Context\Context" filename="Handler/Context/Context.php" line-rate="0.41666666666667" branch-rate="0" complexity="11">
          <methods>
            <method name="__construct" signature="myrpc\Handler\HandlerResponseFactoryInterface $handlerResponseFactory, myrpc\Datatype\UserspaceDatatypeFactoryInterface $userspaceDatatypeFactory" line-rate="1" branch-rate="0" complexity="1">
              <lines>
                <line number="26" hits="29"/>
              </lines>
            </method>
            <method name="newErrorResponse" signature="\myrpc\Datatype\DatatypeInterface|array|string|int|float|bool|null $response, int $errorCode" line-rate="1" branch-rate="0" complexity="1">
              <lines>
                <line number="32" hits="2"/>
              </lines>
            </method>
            <method name="newSuccessResponse" signature="\myrpc\Datatype\DatatypeInterface|array|string|int|float|bool|null $response" line-rate="1" branch-rate="0" complexity="1">
              <lines>
                <line number="38" hits="20"/>
              </lines>
            </method>
            <method name="newDatatypeResponse" signature="string $typeName" line-rate="0" branch-rate="0" complexity="2">
              <lines>
                <line number="43" hits="0"/>
                <line number="44" hits="0"/>
                <line number="47" hits="0"/>
              </lines>
            </method>
            <method name="setIdentity" signature="?myrpc\Identity\IdentityInterface $identity" line-rate="1" branch-rate="0" complexity="1">
              <lines>
                <line number="52" hits="29"/>
              </lines>
            </method>
            <method name="getIdentity" signature="" line-rate="1" branch-rate="0" complexity="1">
              <lines>
                <line number="57" hits="1"/>
              </lines>
            </method>
            <method name="setAction" signature="string $action" line-rate="0" branch-rate="0" complexity="1">
              <lines>
                <line number="62" hits="0"/>
              </lines>
            </method>
            <method name="setArguments" signature="?array $arguments" line-rate="0" branch-rate="0" complexity="1">
              <lines>
                <line number="67" hits="0"/>
              </lines>
            </method>
            <method name="getAction" signature="" line-rate="0" branch-rate="0" complexity="1">
              <lines>
                <line number="72" hits="0"/>
              </lines>
            </method>
            <method name="getArguments" signature="" line-rate="0" branch-rate="0" complexity="1">
              <lines>
                <line number="77" hits="0"/>
              </lines>
            </method>
          </methods>
          <lines>
            <line number="26" hits="29"/>
            <line number="32" hits="2"/>
            <line number="38" hits="20"/>
            <line number="43" hits="0"/>
            <line number="44" hits="0"/>
            <line number="47" hits="0"/>
            <line number="52" hits="29"/>
            <line number="57" hits="1"/>
            <line number="62" hits="0"/>
            <line number="67" hits="0"/>
            <line number="72" hits="0"/>
            <line number="77" hits="0"/>
          </lines>
        </class>
      </classes>
    </package>
    <package name="Handler/Context/ContextFactory.php" line-rate="0" branch-rate="0" complexity="2">
      <classes>
        <class name="myrpc\Handler\Context\ContextFactory" filename="Handler/Context/ContextFactory.php" line-rate="0" branch-rate="0" complexity="2">
          <methods>
            <method name="__construct" signature="myrpc\Handler\HandlerResponseFactoryInterface $responseFactory, myrpc\Datatype\UserspaceDatatypeFactoryInterface $datatypeFactory" line-rate="0" branch-rate="0" complexity="1">
              <lines>
                <line number="16" hits="0"/>
              </lines>
            </method>
            <method name="create" signature="" line-rate="0" branch-rate="0" complexity="1">
              <lines>
                <line number="20" hits="0"/>
              </lines>
            </method>
          </methods>
          <lines>
            <line number="16" hits="0"/>
            <line number="20" hits="0"/>
          </lines>
        </class>
      </classes>
    </package>
    <package name="Handler/Context/ContextFactoryInterface.php" line-rate="0" branch-rate="0" complexity="0">
      <classes/>
    </package>
    <package name="Handler/Context/ContextInterface.php" line-rate="0" branch-rate="0" complexity="0">
      <classes/>
    </package>
    <package name="Handler/Context/ContextReaderInterface.php" line-rate="0" branch-rate="0" complexity="0">
      <classes/>
    </package>
    <package name="Handler/Context/ContextWriterInterface.php" line-rate="0" branch-rate="0" complexity="0">
      <classes/>
    </package>
    <package name="Handler/HandlerFactory.php" line-rate="0.55555555555556" branch-rate="0" complexity="13">
      <classes>
        <class name="myrpc\Handler\HandlerFactory" filename="Handler/HandlerFactory.php" line-rate="0.55555555555556" branch-rate="0" complexity="13">
          <methods>
            <method name="__construct" signature="Psr\Container\ContainerInterface $handlersSource, myrpc\Datatype\DatatypeFactoryInterface $datatypeFactory" line-rate="1" branch-rate="0" complexity="1">
              <lines>
                <line number="22" hits="53"/>
              </lines>
            </method>
            <method name="create" signature="string $handlerId" line-rate="0.35294117647059" branch-rate="0" complexity="6">
              <lines>
                <line number="29" hits="53"/>
                <line number="30" hits="0"/>
                <line number="33" hits="53"/>
                <line number="35" hits="53"/>
                <line number="37" hits="53"/>
                <line number="38" hits="0"/>
                <line number="39" hits="0"/>
                <line number="40" hits="0"/>
                <line number="41" hits="0"/>
                <line number="42" hits="0"/>
                <line number="43" hits="0"/>
                <line number="44" hits="0"/>
                <line number="45" hits="0"/>
                <line number="48" hits="53"/>
                <line number="49" hits="0"/>
                <line number="52" hits="53"/>
                <line number="55" hits="0"/>
              </lines>
            </method>
            <method name="hasSchema" signature="myrpc\Handler\HandlerInterface $h" line-rate="0.66666666666667" branch-rate="0" complexity="2">
              <lines>
                <line number="60" hits="11"/>
                <line number="61" hits="11"/>
                <line number="64" hits="0"/>
              </lines>
            </method>
            <method name="hasContext" signature="myrpc\Handler\HandlerInterface $h" line-rate="1" branch-rate="0" complexity="2">
              <lines>
                <line number="69" hits="42"/>
                <line number="70" hits="29"/>
                <line number="73" hits="13"/>
              </lines>
            </method>
            <method name="withContext" signature="myrpc\Handler\SmartHandlerInterface $h, myrpc\Handler\Context\ContextInterface $ctx" line-rate="1" branch-rate="0" complexity="1">
              <lines>
                <line number="78" hits="29"/>
                <line number="80" hits="29"/>
              </lines>
            </method>
            <method name="withSchema" signature="myrpc\Handler\HandlerSchemaInterface $h, myrpc\Schema\SchemaFactoryInterface $schema" line-rate="1" branch-rate="0" complexity="1">
              <lines>
                <line number="85" hits="11"/>
              </lines>
            </method>
          </methods>
          <lines>
            <line number="22" hits="53"/>
            <line number="29" hits="53"/>
            <line number="30" hits="0"/>
            <line number="33" hits="53"/>
            <line number="35" hits="53"/>
            <line number="37" hits="53"/>
            <line number="38" hits="0"/>
            <line number="39" hits="0"/>
            <line number="40" hits="0"/>
            <line number="41" hits="0"/>
            <line number="42" hits="0"/>
            <line number="43" hits="0"/>
            <line number="44" hits="0"/>
            <line number="45" hits="0"/>
            <line number="48" hits="53"/>
            <line number="49" hits="0"/>
            <line number="52" hits="53"/>
            <line number="55" hits="0"/>
            <line number="60" hits="11"/>
            <line number="61" hits="11"/>
            <line number="64" hits="0"/>
            <line number="69" hits="42"/>
            <line number="70" hits="29"/>
            <line number="73" hits="13"/>
            <line number="78" hits="29"/>
            <line number="80" hits="29"/>
            <line number="85" hits="11"/>
          </lines>
        </class>
      </classes>
    </package>
    <package name="Handler/HandlerFactoryInterface.php" line-rate="0" branch-rate="0" complexity="0">
      <classes/>
    </package>
    <package name="Handler/HandlerInterface.php" line-rate="0" branch-rate="0" complexity="0">
      <classes/>
    </package>
    <package name="Handler/HandlerResponse.php" line-rate="1" branch-rate="0" complexity="4">
      <classes>
        <class name="myrpc\Handler\HandlerResponse" filename="Handler/HandlerResponse.php" line-rate="1" branch-rate="0" complexity="4">
          <methods>
            <method name="__construct" signature="object|array|string|int|float|bool|null $response, ?int $code, bool $isError" line-rate="1" branch-rate="0" complexity="1">
              <lines>
                <line number="14" hits="22"/>
              </lines>
            </method>
            <method name="getResponse" signature="" line-rate="1" branch-rate="0" complexity="1">
              <lines>
                <line number="18" hits="22"/>
              </lines>
            </method>
            <method name="isError" signature="" line-rate="1" branch-rate="0" complexity="1">
              <lines>
                <line number="23" hits="22"/>
              </lines>
            </method>
            <method name="getErrorCode" signature="" line-rate="1" branch-rate="0" complexity="1">
              <lines>
                <line number="28" hits="2"/>
              </lines>
            </method>
          </methods>
          <lines>
            <line number="14" hits="22"/>
            <line number="18" hits="22"/>
            <line number="23" hits="22"/>
            <line number="28" hits="2"/>
          </lines>
        </class>
      </classes>
    </package>
    <package name="Handler/HandlerResponseFactory.php" line-rate="1" branch-rate="0" complexity="4">
      <classes>
        <class name="myrpc\Handler\HandlerResponseFactory" filename="Handler/HandlerResponseFactory.php" line-rate="1" branch-rate="0" complexity="4">
          <methods>
            <method name="createErrorResponse" signature="object|array|string|int|float|bool|null $response, ?int $errorCode" line-rate="1" branch-rate="0" complexity="1">
              <lines>
                <line number="18" hits="2"/>
              </lines>
            </method>
            <method name="createSuccessResponse" signature="object|array|string|int|float|bool|null $response, ?int $code" line-rate="1" branch-rate="0" complexity="3">
              <lines>
                <line number="25" hits="20"/>
                <line number="26" hits="3"/>
                <line number="29" hits="17"/>
              </lines>
            </method>
          </methods>
          <lines>
            <line number="18" hits="2"/>
            <line number="25" hits="20"/>
            <line number="26" hits="3"/>
            <line number="29" hits="17"/>
          </lines>
        </class>
      </classes>
    </package>
    <package name="Handler/HandlerResponseFactoryInterface.php" line-rate="0" branch-rate="0" complexity="0">
      <classes/>
    </package>
    <package name="Handler/HandlerResponseInterface.php" line-rate="0" branch-rate="0" complexity="0">
      <classes/>
    </package>
    <package name="Handler/HandlerSchemaInterface.php" line-rate="0" branch-rate="0" complexity="0">
      <classes/>
    </package>
    <package name="Handler/HandlerWithSchemaInterface.php" line-rate="0" branch-rate="0" complexity="0">
      <classes/>
    </package>
    <package name="Handler/SmartHandler.php" line-rate="0.76666666666667" branch-rate="0" complexity="59">
      <classes>
        <class name="myrpc\Handler\SmartHandler" filename="Handler/SmartHandler.php" line-rate="0.76666666666667" branch-rate="0" complexity="59">
          <methods>
            <method name="__construct" signature="myrpc\Handler\Worker\WorkerInterface $worker, ?myrpc\Serializer\SerializerInterface $serializer, ?myrpc\Validator\ValidatorInterface $validator" line-rate="1" branch-rate="0" complexity="1">
              <lines>
                <line number="81" hits="40"/>
                <line number="82" hits="40"/>
                <line number="83" hits="40"/>
              </lines>
            </method>
            <method name="action" signature="string $action, ?array $arguments, ?myrpc\Identity\IdentityInterface $id" line-rate="0.625" branch-rate="0" complexity="14">
              <lines>
                <line number="97" hits="29"/>
                <line number="98" hits="29"/>
                <line number="99" hits="29"/>
                <line number="103" hits="29"/>
                <line number="104" hits="29"/>
                <line number="105" hits="0"/>
                <line number="107" hits="0"/>
                <line number="108" hits="0"/>
                <line number="111" hits="29"/>
                <line number="114" hits="29"/>
                <line number="115" hits="7"/>
                <line number="116" hits="0"/>
                <line number="121" hits="22"/>
                <line number="122" hits="0"/>
                <line number="127" hits="0"/>
                <line number="128" hits="0"/>
                <line number="129" hits="0"/>
                <line number="131" hits="0"/>
                <line number="134" hits="22"/>
                <line number="135" hits="2"/>
                <line number="138" hits="20"/>
                <line number="144" hits="1"/>
                <line number="151" hits="20"/>
                <line number="164" hits="20"/>
              </lines>
            </method>
            <method name="setContext" signature="myrpc\Handler\Context\ContextInterface $context" line-rate="1" branch-rate="0" complexity="1">
              <lines>
                <line number="169" hits="29"/>
              </lines>
            </method>
            <method name="setSchemaFactory" signature="myrpc\Schema\SchemaFactoryInterface $schemaFactory" line-rate="1" branch-rate="0" complexity="1">
              <lines>
                <line number="174" hits="11"/>
                <line number="176" hits="11"/>
              </lines>
            </method>
            <method name="getSchema" signature="" line-rate="1" branch-rate="0" complexity="1">
              <lines>
                <line number="183" hits="11"/>
              </lines>
            </method>
            <method name="prepareArguments" signature="ReflectionMethod $method, array $input" line-rate="0.875" branch-rate="0" complexity="9">
              <lines>
                <line number="188" hits="29"/>
                <line number="189" hits="29"/>
                <line number="190" hits="29"/>
                <line number="191" hits="20"/>
                <line number="192" hits="20"/>
                <line number="200" hits="20"/>
                <line number="204" hits="29"/>
                <line number="207" hits="0"/>
              </lines>
            </method>
            <method name="resolveArguments" signature="ReflectionMethod $method, array $input" line-rate="0.77777777777778" branch-rate="0" complexity="32">
              <lines>
                <line number="219" hits="29"/>
                <line number="220" hits="29"/>
                <line number="221" hits="9"/>
                <line number="224" hits="20"/>
                <line number="226" hits="20"/>
                <line number="227" hits="20"/>
                <line number="229" hits="20"/>
                <line number="230" hits="20"/>
                <line number="231" hits="0"/>
                <line number="234" hits="20"/>
                <line number="235" hits="1"/>
                <line number="236" hits="0"/>
                <line number="244" hits="0"/>
                <line number="245" hits="1"/>
                <line number="246" hits="1"/>
                <line number="248" hits="0"/>
                <line number="249" hits="0"/>
                <line number="250" hits="0"/>
                <line number="254" hits="20"/>
                <line number="255" hits="1"/>
                <line number="258" hits="19"/>
                <line number="259" hits="0"/>
                <line number="260" hits="0"/>
                <line number="261" hits="0"/>
                <line number="264" hits="19"/>
                <line number="270" hits="1"/>
                <line number="271" hits="1"/>
                <line number="272" hits="1"/>
                <line number="275" hits="18"/>
                <line number="279" hits="10"/>
                <line number="287" hits="10"/>
                <line number="289" hits="10"/>
                <line number="292" hits="8"/>
                <line number="293" hits="3"/>
                <line number="294" hits="3"/>
                <line number="295" hits="2"/>
                <line number="298" hits="2"/>
                <line number="300" hits="2"/>
                <line number="301" hits="1"/>
                <line number="303" hits="1"/>
                <line number="304" hits="1"/>
                <line number="305" hits="1"/>
                <line number="306" hits="1"/>
                <line number="309" hits="1"/>
                <line number="310" hits="1"/>
                <line number="311" hits="1"/>
                <line number="315" hits="6"/>
                <line number="316" hits="6"/>
                <line number="317" hits="6"/>
                <line number="324" hits="5"/>
                <line number="329" hits="4"/>
                <line number="330" hits="4"/>
                <line number="331" hits="2"/>
                <line number="334" hits="2"/>
                <line number="336" hits="2"/>
                <line number="337" hits="2"/>
                <line number="338" hits="2"/>
                <line number="339" hits="2"/>
                <line number="340" hits="2"/>
                <line number="342" hits="2"/>
                <line number="343" hits="3"/>
                <line number="344" hits="0"/>
                <line number="345" hits="0"/>
                <line number="346" hits="0"/>
                <line number="347" hits="3"/>
                <line number="348" hits="1"/>
                <line number="349" hits="1"/>
                <line number="350" hits="1"/>
                <line number="351" hits="1"/>
                <line number="353" hits="1"/>
                <line number="354" hits="1"/>
                <line number="355" hits="1"/>
                <line number="358" hits="0"/>
                <line number="359" hits="0"/>
                <line number="360" hits="0"/>
                <line number="363" hits="2"/>
                <line number="367" hits="1"/>
                <line number="368" hits="0"/>
                <line number="369" hits="0"/>
                <line number="370" hits="0"/>
                <line number="374" hits="13"/>
              </lines>
            </method>
          </methods>
          <lines>
            <line number="81" hits="40"/>
            <line number="82" hits="40"/>
            <line number="83" hits="40"/>
            <line number="97" hits="29"/>
            <line number="98" hits="29"/>
            <line number="99" hits="29"/>
            <line number="103" hits="29"/>
            <line number="104" hits="29"/>
            <line number="105" hits="0"/>
            <line number="107" hits="0"/>
            <line number="108" hits="0"/>
            <line number="111" hits="29"/>
            <line number="114" hits="29"/>
            <line number="115" hits="7"/>
            <line number="116" hits="0"/>
            <line number="121" hits="22"/>
            <line number="122" hits="0"/>
            <line number="127" hits="0"/>
            <line number="128" hits="0"/>
            <line number="129" hits="0"/>
            <line number="131" hits="0"/>
            <line number="134" hits="22"/>
            <line number="135" hits="2"/>
            <line number="138" hits="20"/>
            <line number="144" hits="1"/>
            <line number="151" hits="20"/>
            <line number="164" hits="20"/>
            <line number="169" hits="29"/>
            <line number="174" hits="11"/>
            <line number="176" hits="11"/>
            <line number="183" hits="11"/>
            <line number="188" hits="29"/>
            <line number="189" hits="29"/>
            <line number="190" hits="29"/>
            <line number="191" hits="20"/>
            <line number="192" hits="20"/>
            <line number="200" hits="20"/>
            <line number="204" hits="29"/>
            <line number="207" hits="0"/>
            <line number="219" hits="29"/>
            <line number="220" hits="29"/>
            <line number="221" hits="9"/>
            <line number="224" hits="20"/>
            <line number="226" hits="20"/>
            <line number="227" hits="20"/>
            <line number="229" hits="20"/>
            <line number="230" hits="20"/>
            <line number="231" hits="0"/>
            <line number="234" hits="20"/>
            <line number="235" hits="1"/>
            <line number="236" hits="0"/>
            <line number="244" hits="0"/>
            <line number="245" hits="1"/>
            <line number="246" hits="1"/>
            <line number="248" hits="0"/>
            <line number="249" hits="0"/>
            <line number="250" hits="0"/>
            <line number="254" hits="20"/>
            <line number="255" hits="1"/>
            <line number="258" hits="19"/>
            <line number="259" hits="0"/>
            <line number="260" hits="0"/>
            <line number="261" hits="0"/>
            <line number="264" hits="19"/>
            <line number="270" hits="1"/>
            <line number="271" hits="1"/>
            <line number="272" hits="1"/>
            <line number="275" hits="18"/>
            <line number="279" hits="10"/>
            <line number="287" hits="10"/>
            <line number="289" hits="10"/>
            <line number="292" hits="8"/>
            <line number="293" hits="3"/>
            <line number="294" hits="3"/>
            <line number="295" hits="2"/>
            <line number="298" hits="2"/>
            <line number="300" hits="2"/>
            <line number="301" hits="1"/>
            <line number="303" hits="1"/>
            <line number="304" hits="1"/>
            <line number="305" hits="1"/>
            <line number="306" hits="1"/>
            <line number="309" hits="1"/>
            <line number="310" hits="1"/>
            <line number="311" hits="1"/>
            <line number="315" hits="6"/>
            <line number="316" hits="6"/>
            <line number="317" hits="6"/>
            <line number="324" hits="5"/>
            <line number="329" hits="4"/>
            <line number="330" hits="4"/>
            <line number="331" hits="2"/>
            <line number="334" hits="2"/>
            <line number="336" hits="2"/>
            <line number="337" hits="2"/>
            <line number="338" hits="2"/>
            <line number="339" hits="2"/>
            <line number="340" hits="2"/>
            <line number="342" hits="2"/>
            <line number="343" hits="3"/>
            <line number="344" hits="0"/>
            <line number="345" hits="0"/>
            <line number="346" hits="0"/>
            <line number="347" hits="3"/>
            <line number="348" hits="1"/>
            <line number="349" hits="1"/>
            <line number="350" hits="1"/>
            <line number="351" hits="1"/>
            <line number="353" hits="1"/>
            <line number="354" hits="1"/>
            <line number="355" hits="1"/>
            <line number="358" hits="0"/>
            <line number="359" hits="0"/>
            <line number="360" hits="0"/>
            <line number="363" hits="2"/>
            <line number="367" hits="1"/>
            <line number="368" hits="0"/>
            <line number="369" hits="0"/>
            <line number="370" hits="0"/>
            <line number="374" hits="13"/>
          </lines>
        </class>
      </classes>
    </package>
    <package name="Handler/SmartHandlerInterface.php" line-rate="0" branch-rate="0" complexity="0">
      <classes/>
    </package>
    <package name="Handler/Worker/WorkerInterface.php" line-rate="0" branch-rate="0" complexity="0">
      <classes/>
    </package>
    <package name="Handler/Worker/WorkerTrait.php" line-rate="1" branch-rate="0" complexity="1">
      <classes>
        <class name="myrpc\Handler\Worker\WorkerTrait" filename="Handler/Worker/WorkerTrait.php" line-rate="1" branch-rate="0" complexity="1">
          <methods>
            <method name="setupWorker" signature="myrpc\Handler\Context\ContextReaderInterface $context" line-rate="1" branch-rate="0" complexity="1">
              <lines>
                <line number="16" hits="29"/>
              </lines>
            </method>
          </methods>
          <lines>
            <line number="16" hits="29"/>
          </lines>
        </class>
      </classes>
    </package>
    <package name="Identity/TokenIdentity.php" line-rate="1" branch-rate="0" complexity="2">
      <classes>
        <class name="myrpc\Identity\TokenIdentity" filename="Identity/TokenIdentity.php" line-rate="1" branch-rate="0" complexity="2">
          <methods>
            <method name="__construct" signature="string $token" line-rate="1" branch-rate="0" complexity="1">
              <lines>
                <line number="12" hits="42"/>
              </lines>
            </method>
            <method name="getIdentityToken" signature="" line-rate="1" branch-rate="0" complexity="1">
              <lines>
                <line number="16" hits="42"/>
              </lines>
            </method>
          </methods>
          <lines>
            <line number="12" hits="42"/>
            <line number="16" hits="42"/>
          </lines>
        </class>
      </classes>
    </package>
    <package name="Identity/TokenIdentityFactory.php" line-rate="1" branch-rate="0" complexity="2">
      <classes>
        <class name="myrpc\Identity\TokenIdentityFactory" filename="Identity/TokenIdentityFactory.php" line-rate="1" branch-rate="0" complexity="2">
          <methods>
            <method name="create" signature="?string $payload" line-rate="1" branch-rate="0" complexity="2">
              <lines>
                <line number="12" hits="42"/>
              </lines>
            </method>
          </methods>
          <lines>
            <line number="12" hits="42"/>
          </lines>
        </class>
      </classes>
    </package>
    <package name="Request/JsonRpcRequest.php" line-rate="0" branch-rate="0" complexity="10">
      <classes>
        <class name="myrpc\Request\JsonRpcRequest" filename="Request/JsonRpcRequest.php" line-rate="0" branch-rate="0" complexity="10">
          <methods>
            <method name="__construct" signature="?string $action, ?array $arguments, ?string $requestId, ?string $authenticationToken" line-rate="0" branch-rate="0" complexity="5">
              <lines>
                <line number="28" hits="0"/>
                <line number="29" hits="0"/>
                <line number="30" hits="0"/>
                <line number="31" hits="0"/>
                <line number="38" hits="0"/>
                <line number="39" hits="0"/>
              </lines>
            </method>
            <method name="getService" signature="" line-rate="0" branch-rate="0" complexity="1">
              <lines>
                <line number="46" hits="0"/>
              </lines>
            </method>
            <method name="getAction" signature="" line-rate="0" branch-rate="0" complexity="1">
              <lines>
                <line number="51" hits="0"/>
              </lines>
            </method>
            <method name="getArguments" signature="" line-rate="0" branch-rate="0" complexity="1">
              <lines>
                <line number="56" hits="0"/>
              </lines>
            </method>
            <method name="getIdentityToken" signature="" line-rate="0" branch-rate="0" complexity="1">
              <lines>
                <line number="61" hits="0"/>
              </lines>
            </method>
            <method name="getRequestId" signature="" line-rate="0" branch-rate="0" complexity="1">
              <lines>
                <line number="66" hits="0"/>
              </lines>
            </method>
          </methods>
          <lines>
            <line number="28" hits="0"/>
            <line number="29" hits="0"/>
            <line number="30" hits="0"/>
            <line number="31" hits="0"/>
            <line number="38" hits="0"/>
            <line number="39" hits="0"/>
            <line number="46" hits="0"/>
            <line number="51" hits="0"/>
            <line number="56" hits="0"/>
            <line number="61" hits="0"/>
            <line number="66" hits="0"/>
          </lines>
        </class>
      </classes>
    </package>
    <package name="Request/JsonRpcRequestFactory.php" line-rate="0" branch-rate="0" complexity="11">
      <classes>
        <class name="myrpc\Request\JsonRpcRequestFactory" filename="Request/JsonRpcRequestFactory.php" line-rate="0" branch-rate="0" complexity="11">
          <methods>
            <method name="create" signature="mixed $data" line-rate="0" branch-rate="0" complexity="11">
              <lines>
                <line number="39" hits="0"/>
                <line number="40" hits="0"/>
                <line number="41" hits="0"/>
                <line number="42" hits="0"/>
                <line number="45" hits="0"/>
                <line number="46" hits="0"/>
                <line number="47" hits="0"/>
                <line number="48" hits="0"/>
                <line number="50" hits="0"/>
              </lines>
            </method>
          </methods>
          <lines>
            <line number="39" hits="0"/>
            <line number="40" hits="0"/>
            <line number="41" hits="0"/>
            <line number="42" hits="0"/>
            <line number="45" hits="0"/>
            <line number="46" hits="0"/>
            <line number="47" hits="0"/>
            <line number="48" hits="0"/>
            <line number="50" hits="0"/>
          </lines>
        </class>
      </classes>
    </package>
    <package name="Request/RequestFactoryInterface.php" line-rate="0" branch-rate="0" complexity="0">
      <classes/>
    </package>
    <package name="Request/RequestInterface.php" line-rate="0" branch-rate="0" complexity="0">
      <classes/>
    </package>
    <package name="Request/SimpleRequest.php" line-rate="1" branch-rate="0" complexity="6">
      <classes>
        <class name="myrpc\Request\SimpleRequest" filename="Request/SimpleRequest.php" line-rate="1" branch-rate="0" complexity="6">
          <methods>
            <method name="__construct" signature="string $service, string $action, array $arguments, string $requestId, string $authenticationToken" line-rate="1" branch-rate="0" complexity="1">
              <lines>
                <line number="17" hits="42"/>
              </lines>
            </method>
            <method name="getService" signature="" line-rate="1" branch-rate="0" complexity="1">
              <lines>
                <line number="21" hits="42"/>
              </lines>
            </method>
            <method name="getAction" signature="" line-rate="1" branch-rate="0" complexity="1">
              <lines>
                <line number="26" hits="42"/>
              </lines>
            </method>
            <method name="getArguments" signature="" line-rate="1" branch-rate="0" complexity="1">
              <lines>
                <line number="31" hits="42"/>
              </lines>
            </method>
            <method name="getIdentityToken" signature="" line-rate="1" branch-rate="0" complexity="1">
              <lines>
                <line number="36" hits="42"/>
              </lines>
            </method>
            <method name="getRequestId" signature="" line-rate="1" branch-rate="0" complexity="1">
              <lines>
                <line number="41" hits="42"/>
              </lines>
            </method>
          </methods>
          <lines>
            <line number="17" hits="42"/>
            <line number="21" hits="42"/>
            <line number="26" hits="42"/>
            <line number="31" hits="42"/>
            <line number="36" hits="42"/>
            <line number="41" hits="42"/>
          </lines>
        </class>
      </classes>
    </package>
    <package name="Response/JsonRpcResponse.php" line-rate="0" branch-rate="0" complexity="6">
      <classes>
        <class name="myrpc\Response\JsonRpcResponse" filename="Response/JsonRpcResponse.php" line-rate="0" branch-rate="0" complexity="6">
          <methods>
            <method name="__construct" signature="object|array|string|int|float|bool|null $response, ?string $requestId, ?int $errorId" line-rate="0" branch-rate="0" complexity="1">
              <lines>
                <line number="24" hits="0"/>
              </lines>
            </method>
            <method name="isSuccess" signature="" line-rate="0" branch-rate="0" complexity="1">
              <lines>
                <line number="29" hits="0"/>
              </lines>
            </method>
            <method name="getResponse" signature="" line-rate="0" branch-rate="0" complexity="2">
              <lines>
                <line number="39" hits="0"/>
                <line number="43" hits="0"/>
                <line number="44" hits="0"/>
                <line number="45" hits="0"/>
              </lines>
            </method>
            <method name="getError" signature="" line-rate="0" branch-rate="0" complexity="1">
              <lines>
                <line number="51" hits="0"/>
              </lines>
            </method>
            <method name="getRequestId" signature="" line-rate="0" branch-rate="0" complexity="1">
              <lines>
                <line number="56" hits="0"/>
              </lines>
            </method>
          </methods>
          <lines>
            <line number="24" hits="0"/>
            <line number="29" hits="0"/>
            <line number="39" hits="0"/>
            <line number="43" hits="0"/>
            <line number="44" hits="0"/>
            <line number="45" hits="0"/>
            <line number="51" hits="0"/>
            <line number="56" hits="0"/>
          </lines>
        </class>
      </classes>
    </package>
    <package name="Response/JsonRpcResponseFactory.php" line-rate="0" branch-rate="0" complexity="3">
      <classes>
        <class name="myrpc\Response\JsonRpcResponseFactory" filename="Response/JsonRpcResponseFactory.php" line-rate="0" branch-rate="0" complexity="3">
          <methods>
            <method name="createSuccessResponse" signature="object|array|string|int|float|bool|null $data, ?string $requestId" line-rate="0" branch-rate="0" complexity="1">
              <lines>
                <line number="29" hits="0"/>
              </lines>
            </method>
            <method name="createErrorResponse" signature="object|array|string|int|float|bool|null $data, ?int $errorId, ?string $requestId" line-rate="0" branch-rate="0" complexity="1">
              <lines>
                <line number="37" hits="0"/>
              </lines>
            </method>
            <method name="createExceptionResponse" signature="Throwable $e, int $errorId, ?string $requestId" line-rate="0" branch-rate="0" complexity="1">
              <lines>
                <line number="42" hits="0"/>
              </lines>
            </method>
          </methods>
          <lines>
            <line number="29" hits="0"/>
            <line number="37" hits="0"/>
            <line number="42" hits="0"/>
          </lines>
        </class>
      </classes>
    </package>
    <package name="Response/ResponseFactoryInterface.php" line-rate="0" branch-rate="0" complexity="0">
      <classes/>
    </package>
    <package name="Response/ResponseInterface.php" line-rate="0" branch-rate="0" complexity="0">
      <classes/>
    </package>
    <package name="Response/SimpleResponse.php" line-rate="0.8" branch-rate="0" complexity="5">
      <classes>
        <class name="myrpc\Response\SimpleResponse" filename="Response/SimpleResponse.php" line-rate="0.8" branch-rate="0" complexity="5">
          <methods>
            <method name="__construct" signature="object|array|bool|float|int|string|null $response, ?string $requestId, ?int $errorId" line-rate="1" branch-rate="0" complexity="1">
              <lines>
                <line number="15" hits="42"/>
              </lines>
            </method>
            <method name="isSuccess" signature="" line-rate="1" branch-rate="0" complexity="1">
              <lines>
                <line number="19" hits="29"/>
              </lines>
            </method>
            <method name="getResponse" signature="" line-rate="1" branch-rate="0" complexity="1">
              <lines>
                <line number="27" hits="42"/>
              </lines>
            </method>
            <method name="getError" signature="" line-rate="1" branch-rate="0" complexity="1">
              <lines>
                <line number="32" hits="9"/>
              </lines>
            </method>
            <method name="getRequestId" signature="" line-rate="0" branch-rate="0" complexity="1">
              <lines>
                <line number="37" hits="0"/>
              </lines>
            </method>
          </methods>
          <lines>
            <line number="15" hits="42"/>
            <line number="19" hits="29"/>
            <line number="27" hits="42"/>
            <line number="32" hits="9"/>
            <line number="37" hits="0"/>
          </lines>
        </class>
      </classes>
    </package>
    <package name="Response/SimpleResponseFactory.php" line-rate="0.66666666666667" branch-rate="0" complexity="3">
      <classes>
        <class name="myrpc\Response\SimpleResponseFactory" filename="Response/SimpleResponseFactory.php" line-rate="0.66666666666667" branch-rate="0" complexity="3">
          <methods>
            <method name="createSuccessResponse" signature="object|array|bool|float|int|string|null $data, ?string $requestId" line-rate="1" branch-rate="0" complexity="1">
              <lines>
                <line number="15" hits="31"/>
              </lines>
            </method>
            <method name="createErrorResponse" signature="object|array|bool|float|int|string|null $data, ?int $errorId, ?string $requestId" line-rate="1" branch-rate="0" complexity="1">
              <lines>
                <line number="23" hits="11"/>
              </lines>
            </method>
            <method name="createExceptionResponse" signature="Throwable $e, int $errorId, ?string $requestId" line-rate="0" branch-rate="0" complexity="1">
              <lines>
                <line number="28" hits="0"/>
              </lines>
            </method>
          </methods>
          <lines>
            <line number="15" hits="31"/>
            <line number="23" hits="11"/>
            <line number="28" hits="0"/>
          </lines>
        </class>
      </classes>
    </package>
    <package name="Schema/JsonSchema.php" line-rate="1" branch-rate="0" complexity="2">
      <classes>
        <class name="myrpc\Schema\JsonSchema" filename="Schema/JsonSchema.php" line-rate="1" branch-rate="0" complexity="2">
          <methods>
            <method name="__construct" signature="array $jsonSchema" line-rate="1" branch-rate="0" complexity="1">
              <lines>
                <line number="20" hits="11"/>
              </lines>
            </method>
            <method name="__toString" signature="" line-rate="1" branch-rate="0" complexity="1">
              <lines>
                <line number="28" hits="11"/>
                <line number="32" hits="11"/>
              </lines>
            </method>
          </methods>
          <lines>
            <line number="20" hits="11"/>
            <line number="28" hits="11"/>
            <line number="32" hits="11"/>
          </lines>
        </class>
      </classes>
    </package>
    <package name="Schema/JsonSchemaFactory.php" line-rate="0.6" branch-rate="0" complexity="7">
      <classes>
        <class name="myrpc\Schema\JsonSchemaFactory" filename="Schema/JsonSchemaFactory.php" line-rate="0.6" branch-rate="0" complexity="7">
          <methods>
            <method name="__construct" signature="myrpc\Datatype\DatatypeFactoryInterface $datatypeFactory" line-rate="1" branch-rate="0" complexity="1">
              <lines>
                <line number="19" hits="11"/>
              </lines>
            </method>
            <method name="newSchemaFromObject" signature="object $obj" line-rate="1" branch-rate="0" complexity="1">
              <lines>
                <line number="26" hits="11"/>
                <line number="27" hits="11"/>
                <line number="32" hits="11"/>
                <line number="35" hits="11"/>
                <line number="36" hits="11"/>
                <line number="38" hits="11"/>
              </lines>
            </method>
            <method name="sortSchema" signature="array $schema" line-rate="0.45454545454545" branch-rate="0" complexity="4">
              <lines>
                <line number="48" hits="11"/>
                <line number="50" hits="11"/>
                <line number="51" hits="0"/>
                <line number="53" hits="0"/>
                <line number="56" hits="0"/>
                <line number="57" hits="11"/>
                <line number="58" hits="11"/>
                <line number="59" hits="0"/>
                <line number="60" hits="0"/>
                <line number="62" hits="0"/>
                <line number="65" hits="11"/>
              </lines>
            </method>
            <method name="sortDefinitions" signature="array $definitions" line-rate="0" branch-rate="0" complexity="1">
              <lines>
                <line number="70" hits="0"/>
                <line number="72" hits="0"/>
              </lines>
            </method>
          </methods>
          <lines>
            <line number="19" hits="11"/>
            <line number="26" hits="11"/>
            <line number="27" hits="11"/>
            <line number="32" hits="11"/>
            <line number="35" hits="11"/>
            <line number="36" hits="11"/>
            <line number="38" hits="11"/>
            <line number="48" hits="11"/>
            <line number="50" hits="11"/>
            <line number="51" hits="0"/>
            <line number="53" hits="0"/>
            <line number="56" hits="0"/>
            <line number="57" hits="11"/>
            <line number="58" hits="11"/>
            <line number="59" hits="0"/>
            <line number="60" hits="0"/>
            <line number="62" hits="0"/>
            <line number="65" hits="11"/>
            <line number="70" hits="0"/>
            <line number="72" hits="0"/>
          </lines>
        </class>
      </classes>
    </package>
    <package name="Schema/SchemaFactoryInterface.php" line-rate="0" branch-rate="0" complexity="0">
      <classes/>
    </package>
    <package name="Schema/SchemaInterface.php" line-rate="0" branch-rate="0" complexity="0">
      <classes/>
    </package>
    <package name="SchemaServer.php" line-rate="0.875" branch-rate="0" complexity="3">
      <classes>
        <class name="myrpc\SchemaServer" filename="SchemaServer.php" line-rate="0.875" branch-rate="0" complexity="3">
          <methods>
            <method name="__construct" signature="myrpc\Handler\HandlerFactoryInterface $handlerFactory, myrpc\Schema\SchemaFactoryInterface $schemaFactory" line-rate="1" branch-rate="0" complexity="1">
              <lines>
                <line number="17" hits="11"/>
              </lines>
            </method>
            <method name="getServiceSchema" signature="string $service" line-rate="0.85714285714286" branch-rate="0" complexity="2">
              <lines>
                <line number="24" hits="11"/>
                <line number="25" hits="11"/>
                <line number="26" hits="11"/>
                <line number="27" hits="11"/>
                <line number="28" hits="11"/>
                <line number="30" hits="11"/>
                <line number="33" hits="0"/>
              </lines>
            </method>
          </methods>
          <lines>
            <line number="17" hits="11"/>
            <line number="24" hits="11"/>
            <line number="25" hits="11"/>
            <line number="26" hits="11"/>
            <line number="27" hits="11"/>
            <line number="28" hits="11"/>
            <line number="30" hits="11"/>
            <line number="33" hits="0"/>
          </lines>
        </class>
      </classes>
    </package>
    <package name="Serializer/JsonSerializer.php" line-rate="0.96969696969697" branch-rate="0" complexity="4">
      <classes>
        <class name="myrpc\Serializer\JsonSerializer" filename="Serializer/JsonSerializer.php" line-rate="0.96969696969697" branch-rate="0" complexity="4">
          <methods>
            <method name="__construct" signature="" line-rate="1" branch-rate="0" complexity="1">
              <lines>
                <line number="46" hits="40"/>
                <line number="52" hits="40"/>
                <line number="53" hits="40"/>
                <line number="54" hits="40"/>
                <line number="55" hits="40"/>
                <line number="56" hits="40"/>
                <line number="57" hits="40"/>
                <line number="58" hits="40"/>
                <line number="59" hits="40"/>
                <line number="60" hits="40"/>
                <line number="61" hits="40"/>
                <line number="62" hits="40"/>
                <line number="64" hits="40"/>
              </lines>
            </method>
            <method name="denormalize" signature="stdClass $input, string $className" line-rate="0.95" branch-rate="0" complexity="3">
              <lines>
                <line number="80" hits="5"/>
                <line number="82" hits="5"/>
                <line number="86" hits="5"/>
                <line number="87" hits="5"/>
                <line number="88" hits="5"/>
                <line number="89" hits="5"/>
                <line number="90" hits="5"/>
                <line number="91" hits="5"/>
                <line number="92" hits="5"/>
                <line number="93" hits="5"/>
                <line number="94" hits="5"/>
                <line number="95" hits="5"/>
                <line number="96" hits="5"/>
                <line number="97" hits="5"/>
                <line number="107" hits="5"/>
                <line number="108" hits="4"/>
                <line number="109" hits="0"/>
                <line number="112" hits="4"/>
                <line number="113" hits="1"/>
                <line number="114" hits="1"/>
              </lines>
            </method>
          </methods>
          <lines>
            <line number="46" hits="40"/>
            <line number="52" hits="40"/>
            <line number="53" hits="40"/>
            <line number="54" hits="40"/>
            <line number="55" hits="40"/>
            <line number="56" hits="40"/>
            <line number="57" hits="40"/>
            <line number="58" hits="40"/>
            <line number="59" hits="40"/>
            <line number="60" hits="40"/>
            <line number="61" hits="40"/>
            <line number="62" hits="40"/>
            <line number="64" hits="40"/>
            <line number="80" hits="5"/>
            <line number="82" hits="5"/>
            <line number="86" hits="5"/>
            <line number="87" hits="5"/>
            <line number="88" hits="5"/>
            <line number="89" hits="5"/>
            <line number="90" hits="5"/>
            <line number="91" hits="5"/>
            <line number="92" hits="5"/>
            <line number="93" hits="5"/>
            <line number="94" hits="5"/>
            <line number="95" hits="5"/>
            <line number="96" hits="5"/>
            <line number="97" hits="5"/>
            <line number="107" hits="5"/>
            <line number="108" hits="4"/>
            <line number="109" hits="0"/>
            <line number="112" hits="4"/>
            <line number="113" hits="1"/>
            <line number="114" hits="1"/>
          </lines>
        </class>
      </classes>
    </package>
    <package name="Serializer/SerializerInterface.php" line-rate="0" branch-rate="0" complexity="0">
      <classes/>
    </package>
    <package name="Validator/Symfony.php" line-rate="0.83333333333333" branch-rate="0" complexity="5">
      <classes>
        <class name="myrpc\Validator\Symfony" filename="Validator/Symfony.php" line-rate="0.83333333333333" branch-rate="0" complexity="5">
          <methods>
            <method name="__construct" signature="" line-rate="1" branch-rate="0" complexity="1">
              <lines>
                <line number="28" hits="40"/>
                <line number="29" hits="40"/>
                <line number="30" hits="40"/>
                <line number="31" hits="40"/>
              </lines>
            </method>
            <method name="validate" signature="myrpc\Validator\IsValidatableInterface $input" line-rate="0.75" branch-rate="0" complexity="4">
              <lines>
                <line number="40" hits="4"/>
                <line number="42" hits="4"/>
                <line number="43" hits="4"/>
                <line number="44" hits="2"/>
                <line number="45" hits="2"/>
                <line number="48" hits="0"/>
                <line number="49" hits="0"/>
                <line number="52" hits="4"/>
              </lines>
            </method>
          </methods>
          <lines>
            <line number="28" hits="40"/>
            <line number="29" hits="40"/>
            <line number="30" hits="40"/>
            <line number="31" hits="40"/>
            <line number="40" hits="4"/>
            <line number="42" hits="4"/>
            <line number="43" hits="4"/>
            <line number="44" hits="2"/>
            <line number="45" hits="2"/>
            <line number="48" hits="0"/>
            <line number="49" hits="0"/>
            <line number="52" hits="4"/>
          </lines>
        </class>
      </classes>
    </package>
    <package name="Validator/SymfonyResult.php" line-rate="0.75" branch-rate="0" complexity="4">
      <classes>
        <class name="myrpc\Validator\SymfonyResult" filename="Validator/SymfonyResult.php" line-rate="0.75" branch-rate="0" complexity="4">
          <methods>
            <method name="__construct" signature="string $name, string $code, string|\Stringable $message" line-rate="1" branch-rate="0" complexity="1">
              <lines>
                <line number="16" hits="2"/>
              </lines>
            </method>
            <method name="getName" signature="" line-rate="1" branch-rate="0" complexity="1">
              <lines>
                <line number="20" hits="2"/>
              </lines>
            </method>
            <method name="getCode" signature="" line-rate="0" branch-rate="0" complexity="1">
              <lines>
                <line number="25" hits="0"/>
              </lines>
            </method>
            <method name="getMessage" signature="" line-rate="1" branch-rate="0" complexity="1">
              <lines>
                <line number="30" hits="2"/>
              </lines>
            </method>
          </methods>
          <lines>
            <line number="16" hits="2"/>
            <line number="20" hits="2"/>
            <line number="25" hits="0"/>
            <line number="30" hits="2"/>
          </lines>
        </class>
      </classes>
    </package>
    <package name="Validator/ValidatorInterface.php" line-rate="0" branch-rate="0" complexity="0">
      <classes/>
    </package>
    <package name="Validator/ValidatorResultInterface.php" line-rate="0" branch-rate="0" complexity="0">
      <classes/>
    </package>
  </packages>
</coverage>
