<?xml version="1.0" encoding="UTF-8"?>
<coverage generated="1704237932">
  <project timestamp="1704237932">
    <file name="/app/src/ApiServer.php">
      <class name="myrpc\ApiServer" namespace="global">
        <metrics complexity="6" methods="2" coveredmethods="2" conditionals="0" coveredconditionals="0" statements="31" coveredstatements="31" elements="33" coveredelements="33"/>
      </class>
      <line num="21" type="method" name="__construct" visibility="public" complexity="1" crap="1" count="57"/>
      <line num="30" type="stmt" count="57"/>
      <line num="32" type="method" name="run" visibility="public" complexity="5" crap="5" count="46"/>
      <line num="35" type="stmt" count="46"/>
      <line num="36" type="stmt" count="46"/>
      <line num="38" type="stmt" count="46"/>
      <line num="39" type="stmt" count="46"/>
      <line num="44" type="stmt" count="46"/>
      <line num="45" type="stmt" count="46"/>
      <line num="47" type="stmt" count="46"/>
      <line num="51" type="stmt" count="29"/>
      <line num="54" type="stmt" count="46"/>
      <line num="56" type="stmt" count="46"/>
      <line num="57" type="stmt" count="46"/>
      <line num="59" type="stmt" count="46"/>
      <line num="61" type="stmt" count="39"/>
      <line num="63" type="stmt" count="37"/>
      <line num="64" type="stmt" count="5"/>
      <line num="65" type="stmt" count="5"/>
      <line num="66" type="stmt" count="5"/>
      <line num="67" type="stmt" count="5"/>
      <line num="68" type="stmt" count="5"/>
      <line num="72" type="stmt" count="32"/>
      <line num="73" type="stmt" count="9"/>
      <line num="74" type="stmt" count="8"/>
      <line num="79" type="stmt" count="8"/>
      <line num="80" type="stmt" count="8"/>
      <line num="81" type="stmt" count="8"/>
      <line num="82" type="stmt" count="8"/>
      <line num="83" type="stmt" count="8"/>
      <line num="84" type="stmt" count="1"/>
      <line num="85" type="stmt" count="1"/>
      <line num="88" type="stmt" count="1"/>
      <metrics loc="92" ncloc="83" classes="1" methods="2" coveredmethods="2" conditionals="0" coveredconditionals="0" statements="31" coveredstatements="31" elements="33" coveredelements="33"/>
    </file>
    <file name="/app/src/Datatype/DatatypeFactory.php">
      <class name="myrpc\Datatype\DatatypeFactory" namespace="global">
        <metrics complexity="10" methods="6" coveredmethods="1" conditionals="0" coveredconditionals="0" statements="19" coveredstatements="1" elements="25" coveredelements="2"/>
      </class>
      <line num="17" type="method" name="__construct" visibility="public" complexity="1" crap="1" count="29"/>
      <line num="19" type="stmt" count="29"/>
      <line num="21" type="method" name="hasUserspaceType" visibility="public" complexity="1" crap="2" count="0"/>
      <line num="23" type="stmt" count="0"/>
      <line num="29" type="method" name="getUserspaceType" visibility="public" complexity="1" crap="2" count="0"/>
      <line num="31" type="stmt" count="0"/>
      <line num="34" type="method" name="getInternalErrorResponseType" visibility="public" complexity="1" crap="2" count="0"/>
      <line num="36" type="stmt" count="0"/>
      <line num="39" type="method" name="getInternalSuccessResponseType" visibility="public" complexity="1" crap="2" count="0"/>
      <line num="41" type="stmt" count="0"/>
      <line num="47" type="method" name="create" visibility="protected" complexity="5" crap="30" count="0"/>
      <line num="49" type="stmt" count="0"/>
      <line num="50" type="stmt" count="0"/>
      <line num="54" type="stmt" count="0"/>
      <line num="55" type="stmt" count="0"/>
      <line num="56" type="stmt" count="0"/>
      <line num="57" type="stmt" count="0"/>
      <line num="58" type="stmt" count="0"/>
      <line num="59" type="stmt" count="0"/>
      <line num="60" type="stmt" count="0"/>
      <line num="61" type="stmt" count="0"/>
      <line num="62" type="stmt" count="0"/>
      <line num="65" type="stmt" count="0"/>
      <line num="66" type="stmt" count="0"/>
      <line num="69" type="stmt" count="0"/>
      <metrics loc="72" ncloc="66" classes="1" methods="6" coveredmethods="1" conditionals="0" coveredconditionals="0" statements="19" coveredstatements="1" elements="25" coveredelements="2"/>
    </file>
    <file name="/app/src/Datatype/DatatypeFactoryInterface.php">
      <metrics loc="15" ncloc="15" classes="0" methods="0" coveredmethods="0" conditionals="0" coveredconditionals="0" statements="0" coveredstatements="0" elements="0" coveredelements="0"/>
    </file>
    <file name="/app/src/Datatype/Internal/AbstractDatatype.php">
      <class name="myrpc\Datatype\Internal\AbstractDatatype" namespace="global">
        <metrics complexity="2" methods="2" coveredmethods="2" conditionals="0" coveredconditionals="0" statements="2" coveredstatements="2" elements="4" coveredelements="4"/>
      </class>
      <line num="12" type="method" name="getPayload" visibility="public" complexity="1" crap="1" count="3"/>
      <line num="14" type="stmt" count="3"/>
      <line num="17" type="method" name="validatableObject" visibility="public" complexity="1" crap="1" count="4"/>
      <line num="19" type="stmt" count="4"/>
      <metrics loc="22" ncloc="22" classes="1" methods="2" coveredmethods="2" conditionals="0" coveredconditionals="0" statements="2" coveredstatements="2" elements="4" coveredelements="4"/>
    </file>
    <file name="/app/src/Datatype/Internal/v1/Response/Error.php">
      <class name="myrpc\Datatype\Internal\v1\Response\Error" namespace="global">
        <metrics complexity="1" methods="1" coveredmethods="0" conditionals="0" coveredconditionals="0" statements="1" coveredstatements="0" elements="2" coveredelements="0"/>
      </class>
      <line num="11" type="method" name="__construct" visibility="public" complexity="1" crap="2" count="0"/>
      <line num="15" type="stmt" count="0"/>
      <metrics loc="17" ncloc="17" classes="1" methods="1" coveredmethods="0" conditionals="0" coveredconditionals="0" statements="1" coveredstatements="0" elements="2" coveredelements="0"/>
    </file>
    <file name="/app/src/Datatype/Internal/v1/Response/Success.php">
      <class name="myrpc\Datatype\Internal\v1\Response\Success" namespace="global">
        <metrics complexity="1" methods="1" coveredmethods="1" conditionals="0" coveredconditionals="0" statements="1" coveredstatements="1" elements="2" coveredelements="2"/>
      </class>
      <line num="20" type="method" name="__construct" visibility="public" complexity="1" crap="1" count="1"/>
      <line num="22" type="stmt" count="1"/>
      <metrics loc="24" ncloc="16" classes="1" methods="1" coveredmethods="1" conditionals="0" coveredconditionals="0" statements="1" coveredstatements="1" elements="2" coveredelements="2"/>
    </file>
    <file name="/app/src/Datatype/UserspaceDatatypeFactoryInterface.php">
      <metrics loc="13" ncloc="13" classes="0" methods="0" coveredmethods="0" conditionals="0" coveredconditionals="0" statements="0" coveredstatements="0" elements="0" coveredelements="0"/>
    </file>
    <file name="/app/src/Exception/DatatypeException.php">
      <class name="myrpc\Exception\DatatypeException" namespace="global">
        <metrics complexity="0" methods="0" coveredmethods="0" conditionals="0" coveredconditionals="0" statements="0" coveredstatements="0" elements="0" coveredelements="0"/>
      </class>
      <metrics loc="11" ncloc="11" classes="0" methods="0" coveredmethods="0" conditionals="0" coveredconditionals="0" statements="0" coveredstatements="0" elements="0" coveredelements="0"/>
    </file>
    <file name="/app/src/Exception/HandlerActionArgumentsException.php">
      <class name="myrpc\Exception\HandlerActionArgumentsException" namespace="global">
        <metrics complexity="0" methods="0" coveredmethods="0" conditionals="0" coveredconditionals="0" statements="0" coveredstatements="0" elements="0" coveredelements="0"/>
      </class>
      <metrics loc="11" ncloc="11" classes="0" methods="0" coveredmethods="0" conditionals="0" coveredconditionals="0" statements="0" coveredstatements="0" elements="0" coveredelements="0"/>
    </file>
    <file name="/app/src/Exception/HandlerActionException.php">
      <class name="myrpc\Exception\HandlerActionException" namespace="global">
        <metrics complexity="0" methods="0" coveredmethods="0" conditionals="0" coveredconditionals="0" statements="0" coveredstatements="0" elements="0" coveredelements="0"/>
      </class>
      <metrics loc="11" ncloc="11" classes="0" methods="0" coveredmethods="0" conditionals="0" coveredconditionals="0" statements="0" coveredstatements="0" elements="0" coveredelements="0"/>
    </file>
    <file name="/app/src/Exception/HandlerActionInputException.php">
      <class name="myrpc\Exception\HandlerActionInputException" namespace="global">
        <metrics complexity="0" methods="0" coveredmethods="0" conditionals="0" coveredconditionals="0" statements="0" coveredstatements="0" elements="0" coveredelements="0"/>
      </class>
      <metrics loc="11" ncloc="11" classes="0" methods="0" coveredmethods="0" conditionals="0" coveredconditionals="0" statements="0" coveredstatements="0" elements="0" coveredelements="0"/>
    </file>
    <file name="/app/src/Exception/HandlerActionSerializerException.php">
      <class name="myrpc\Exception\HandlerActionSerializerException" namespace="global">
        <metrics complexity="0" methods="0" coveredmethods="0" conditionals="0" coveredconditionals="0" statements="0" coveredstatements="0" elements="0" coveredelements="0"/>
      </class>
      <metrics loc="11" ncloc="11" classes="0" methods="0" coveredmethods="0" conditionals="0" coveredconditionals="0" statements="0" coveredstatements="0" elements="0" coveredelements="0"/>
    </file>
    <file name="/app/src/Exception/HandlerActionTypeException.php">
      <class name="myrpc\Exception\HandlerActionTypeException" namespace="global">
        <metrics complexity="0" methods="0" coveredmethods="0" conditionals="0" coveredconditionals="0" statements="0" coveredstatements="0" elements="0" coveredelements="0"/>
      </class>
      <metrics loc="11" ncloc="11" classes="0" methods="0" coveredmethods="0" conditionals="0" coveredconditionals="0" statements="0" coveredstatements="0" elements="0" coveredelements="0"/>
    </file>
    <file name="/app/src/Exception/HandlerActionValidationException.php">
      <class name="myrpc\Exception\HandlerActionValidationException" namespace="global">
        <metrics complexity="0" methods="0" coveredmethods="0" conditionals="0" coveredconditionals="0" statements="0" coveredstatements="0" elements="0" coveredelements="0"/>
      </class>
      <metrics loc="11" ncloc="11" classes="0" methods="0" coveredmethods="0" conditionals="0" coveredconditionals="0" statements="0" coveredstatements="0" elements="0" coveredelements="0"/>
    </file>
    <file name="/app/src/Exception/SerializerException.php">
      <class name="myrpc\Exception\SerializerException" namespace="global">
        <metrics complexity="0" methods="0" coveredmethods="0" conditionals="0" coveredconditionals="0" statements="0" coveredstatements="0" elements="0" coveredelements="0"/>
      </class>
      <metrics loc="11" ncloc="11" classes="0" methods="0" coveredmethods="0" conditionals="0" coveredconditionals="0" statements="0" coveredstatements="0" elements="0" coveredelements="0"/>
    </file>
    <file name="/app/src/Exception/SerializerObjectAssertException.php">
      <class name="myrpc\Exception\SerializerObjectAssertException" namespace="global">
        <metrics complexity="0" methods="0" coveredmethods="0" conditionals="0" coveredconditionals="0" statements="0" coveredstatements="0" elements="0" coveredelements="0"/>
      </class>
      <metrics loc="11" ncloc="11" classes="0" methods="0" coveredmethods="0" conditionals="0" coveredconditionals="0" statements="0" coveredstatements="0" elements="0" coveredelements="0"/>
    </file>
    <file name="/app/src/Exception/ServiceAuthenticationException.php">
      <class name="myrpc\Exception\ServiceAuthenticationException" namespace="global">
        <metrics complexity="0" methods="0" coveredmethods="0" conditionals="0" coveredconditionals="0" statements="0" coveredstatements="0" elements="0" coveredelements="0"/>
      </class>
      <metrics loc="10" ncloc="10" classes="0" methods="0" coveredmethods="0" conditionals="0" coveredconditionals="0" statements="0" coveredstatements="0" elements="0" coveredelements="0"/>
    </file>
    <file name="/app/src/Exception/ServiceException.php">
      <class name="myrpc\Exception\ServiceException" namespace="global">
        <metrics complexity="1" methods="1" coveredmethods="1" conditionals="0" coveredconditionals="0" statements="1" coveredstatements="1" elements="2" coveredelements="2"/>
      </class>
      <line num="17" type="method" name="getLogMessage" visibility="public" complexity="1" crap="1" count="8"/>
      <line num="19" type="stmt" count="8"/>
      <metrics loc="22" ncloc="19" classes="1" methods="1" coveredmethods="1" conditionals="0" coveredconditionals="0" statements="1" coveredstatements="1" elements="2" coveredelements="2"/>
    </file>
    <file name="/app/src/Exception/ValidatorException.php">
      <class name="myrpc\Exception\ValidatorException" namespace="global">
        <metrics complexity="0" methods="0" coveredmethods="0" conditionals="0" coveredconditionals="0" statements="0" coveredstatements="0" elements="0" coveredelements="0"/>
      </class>
      <metrics loc="11" ncloc="11" classes="0" methods="0" coveredmethods="0" conditionals="0" coveredconditionals="0" statements="0" coveredstatements="0" elements="0" coveredelements="0"/>
    </file>
    <file name="/app/src/Handler/Context/Context.php">
      <class name="myrpc\Handler\Context\Context" namespace="global">
        <metrics complexity="11" methods="10" coveredmethods="5" conditionals="0" coveredconditionals="0" statements="12" coveredstatements="5" elements="22" coveredelements="10"/>
      </class>
      <line num="22" type="method" name="__construct" visibility="public" complexity="1" crap="1" count="29"/>
      <line num="26" type="stmt" count="29"/>
      <line num="28" type="method" name="newErrorResponse" visibility="public" complexity="1" crap="1" count="2"/>
      <line num="32" type="stmt" count="2"/>
      <line num="35" type="method" name="newSuccessResponse" visibility="public" complexity="1" crap="1" count="20"/>
      <line num="38" type="stmt" count="20"/>
      <line num="41" type="method" name="newDatatypeResponse" visibility="public" complexity="2" crap="6" count="0"/>
      <line num="43" type="stmt" count="0"/>
      <line num="44" type="stmt" count="0"/>
      <line num="47" type="stmt" count="0"/>
      <line num="50" type="method" name="setIdentity" visibility="public" complexity="1" crap="1" count="29"/>
      <line num="52" type="stmt" count="29"/>
      <line num="55" type="method" name="getIdentity" visibility="public" complexity="1" crap="1" count="1"/>
      <line num="57" type="stmt" count="1"/>
      <line num="60" type="method" name="setAction" visibility="public" complexity="1" crap="2" count="0"/>
      <line num="62" type="stmt" count="0"/>
      <line num="65" type="method" name="setArguments" visibility="public" complexity="1" crap="2" count="0"/>
      <line num="67" type="stmt" count="0"/>
      <line num="70" type="method" name="getAction" visibility="public" complexity="1" crap="2" count="0"/>
      <line num="72" type="stmt" count="0"/>
      <line num="75" type="method" name="getArguments" visibility="public" complexity="1" crap="2" count="0"/>
      <line num="77" type="stmt" count="0"/>
      <metrics loc="80" ncloc="80" classes="1" methods="10" coveredmethods="5" conditionals="0" coveredconditionals="0" statements="12" coveredstatements="5" elements="22" coveredelements="10"/>
    </file>
    <file name="/app/src/Handler/Context/ContextFactory.php">
      <class name="myrpc\Handler\Context\ContextFactory" namespace="global">
        <metrics complexity="2" methods="2" coveredmethods="0" conditionals="0" coveredconditionals="0" statements="2" coveredstatements="0" elements="4" coveredelements="0"/>
      </class>
      <line num="12" type="method" name="__construct" visibility="public" complexity="1" crap="2" count="0"/>
      <line num="16" type="stmt" count="0"/>
      <line num="18" type="method" name="create" visibility="public" complexity="1" crap="2" count="0"/>
      <line num="20" type="stmt" count="0"/>
      <metrics loc="23" ncloc="23" classes="1" methods="2" coveredmethods="0" conditionals="0" coveredconditionals="0" statements="2" coveredstatements="0" elements="4" coveredelements="0"/>
    </file>
    <file name="/app/src/Handler/Context/ContextFactoryInterface.php">
      <metrics loc="11" ncloc="11" classes="0" methods="0" coveredmethods="0" conditionals="0" coveredconditionals="0" statements="0" coveredstatements="0" elements="0" coveredelements="0"/>
    </file>
    <file name="/app/src/Handler/Context/ContextInterface.php">
      <metrics loc="10" ncloc="10" classes="0" methods="0" coveredmethods="0" conditionals="0" coveredconditionals="0" statements="0" coveredstatements="0" elements="0" coveredelements="0"/>
    </file>
    <file name="/app/src/Handler/Context/ContextReaderInterface.php">
      <metrics loc="36" ncloc="30" classes="0" methods="0" coveredmethods="0" conditionals="0" coveredconditionals="0" statements="0" coveredstatements="0" elements="0" coveredelements="0"/>
    </file>
    <file name="/app/src/Handler/Context/ContextWriterInterface.php">
      <metrics loc="17" ncloc="17" classes="0" methods="0" coveredmethods="0" conditionals="0" coveredconditionals="0" statements="0" coveredstatements="0" elements="0" coveredelements="0"/>
    </file>
    <file name="/app/src/Handler/HandlerFactory.php">
      <class name="myrpc\Handler\HandlerFactory" namespace="global">
        <metrics complexity="13" methods="6" coveredmethods="4" conditionals="0" coveredconditionals="0" statements="27" coveredstatements="15" elements="33" coveredelements="19"/>
      </class>
      <line num="18" type="method" name="__construct" visibility="public" complexity="1" crap="1" count="53"/>
      <line num="22" type="stmt" count="53"/>
      <line num="27" type="method" name="create" visibility="public" complexity="6" crap="15.75" count="53"/>
      <line num="29" type="stmt" count="53"/>
      <line num="30" type="stmt" count="0"/>
      <line num="33" type="stmt" count="53"/>
      <line num="35" type="stmt" count="53"/>
      <line num="37" type="stmt" count="53"/>
      <line num="38" type="stmt" count="0"/>
      <line num="39" type="stmt" count="0"/>
      <line num="40" type="stmt" count="0"/>
      <line num="41" type="stmt" count="0"/>
      <line num="42" type="stmt" count="0"/>
      <line num="43" type="stmt" count="0"/>
      <line num="44" type="stmt" count="0"/>
      <line num="45" type="stmt" count="0"/>
      <line num="48" type="stmt" count="53"/>
      <line num="49" type="stmt" count="0"/>
      <line num="52" type="stmt" count="53"/>
      <line num="55" type="stmt" count="0"/>
      <line num="58" type="method" name="hasSchema" visibility="public" complexity="2" crap="2.15" count="11"/>
      <line num="60" type="stmt" count="11"/>
      <line num="61" type="stmt" count="11"/>
      <line num="64" type="stmt" count="0"/>
      <line num="67" type="method" name="hasContext" visibility="public" complexity="2" crap="2" count="42"/>
      <line num="69" type="stmt" count="42"/>
      <line num="70" type="stmt" count="29"/>
      <line num="73" type="stmt" count="13"/>
      <line num="76" type="method" name="withContext" visibility="public" complexity="1" crap="1" count="29"/>
      <line num="78" type="stmt" count="29"/>
      <line num="80" type="stmt" count="29"/>
      <line num="83" type="method" name="withSchema" visibility="public" complexity="1" crap="1" count="11"/>
      <line num="85" type="stmt" count="11"/>
      <metrics loc="88" ncloc="85" classes="1" methods="6" coveredmethods="4" conditionals="0" coveredconditionals="0" statements="27" coveredstatements="15" elements="33" coveredelements="19"/>
    </file>
    <file name="/app/src/Handler/HandlerFactoryInterface.php">
      <metrics loc="34" ncloc="22" classes="0" methods="0" coveredmethods="0" conditionals="0" coveredconditionals="0" statements="0" coveredstatements="0" elements="0" coveredelements="0"/>
    </file>
    <file name="/app/src/Handler/HandlerInterface.php">
      <metrics loc="20" ncloc="17" classes="0" methods="0" coveredmethods="0" conditionals="0" coveredconditionals="0" statements="0" coveredstatements="0" elements="0" coveredelements="0"/>
    </file>
    <file name="/app/src/Handler/HandlerResponse.php">
      <class name="myrpc\Handler\HandlerResponse" namespace="global">
        <metrics complexity="4" methods="4" coveredmethods="4" conditionals="0" coveredconditionals="0" statements="4" coveredstatements="4" elements="8" coveredelements="8"/>
      </class>
      <line num="9" type="method" name="__construct" visibility="public" complexity="1" crap="1" count="22"/>
      <line num="14" type="stmt" count="22"/>
      <line num="16" type="method" name="getResponse" visibility="public" complexity="1" crap="1" count="22"/>
      <line num="18" type="stmt" count="22"/>
      <line num="21" type="method" name="isError" visibility="public" complexity="1" crap="1" count="22"/>
      <line num="23" type="stmt" count="22"/>
      <line num="26" type="method" name="getErrorCode" visibility="public" complexity="1" crap="1" count="2"/>
      <line num="28" type="stmt" count="2"/>
      <metrics loc="31" ncloc="31" classes="1" methods="4" coveredmethods="4" conditionals="0" coveredconditionals="0" statements="4" coveredstatements="4" elements="8" coveredelements="8"/>
    </file>
    <file name="/app/src/Handler/HandlerResponseFactory.php">
      <class name="myrpc\Handler\HandlerResponseFactory" namespace="global">
        <metrics complexity="4" methods="2" coveredmethods="2" conditionals="0" coveredconditionals="0" statements="4" coveredstatements="4" elements="6" coveredelements="6"/>
      </class>
      <line num="14" type="method" name="createErrorResponse" visibility="public" complexity="1" crap="1" count="2"/>
      <line num="18" type="stmt" count="2"/>
      <line num="21" type="method" name="createSuccessResponse" visibility="public" complexity="3" crap="3" count="20"/>
      <line num="25" type="stmt" count="20"/>
      <line num="26" type="stmt" count="3"/>
      <line num="29" type="stmt" count="17"/>
      <metrics loc="32" ncloc="31" classes="1" methods="2" coveredmethods="2" conditionals="0" coveredconditionals="0" statements="4" coveredstatements="4" elements="6" coveredelements="6"/>
    </file>
    <file name="/app/src/Handler/HandlerResponseFactoryInterface.php">
      <metrics loc="20" ncloc="20" classes="0" methods="0" coveredmethods="0" conditionals="0" coveredconditionals="0" statements="0" coveredstatements="0" elements="0" coveredelements="0"/>
    </file>
    <file name="/app/src/Handler/HandlerResponseInterface.php">
      <metrics loc="15" ncloc="15" classes="0" methods="0" coveredmethods="0" conditionals="0" coveredconditionals="0" statements="0" coveredstatements="0" elements="0" coveredelements="0"/>
    </file>
    <file name="/app/src/Handler/HandlerSchemaInterface.php">
      <metrics loc="16" ncloc="16" classes="0" methods="0" coveredmethods="0" conditionals="0" coveredconditionals="0" statements="0" coveredstatements="0" elements="0" coveredelements="0"/>
    </file>
    <file name="/app/src/Handler/HandlerWithSchemaInterface.php">
      <metrics loc="11" ncloc="11" classes="0" methods="0" coveredmethods="0" conditionals="0" coveredconditionals="0" statements="0" coveredstatements="0" elements="0" coveredelements="0"/>
    </file>
    <file name="/app/src/Handler/SmartHandler.php">
      <class name="myrpc\Handler\SmartHandler" namespace="global">
        <metrics complexity="59" methods="7" coveredmethods="4" conditionals="0" coveredconditionals="0" statements="120" coveredstatements="92" elements="127" coveredelements="96"/>
      </class>
      <line num="76" type="method" name="__construct" visibility="public" complexity="1" crap="1" count="40"/>
      <line num="81" type="stmt" count="40"/>
      <line num="82" type="stmt" count="40"/>
      <line num="83" type="stmt" count="40"/>
      <line num="91" type="method" name="action" visibility="public" complexity="14" crap="24.34" count="29"/>
      <line num="97" type="stmt" count="29"/>
      <line num="98" type="stmt" count="29"/>
      <line num="99" type="stmt" count="29"/>
      <line num="103" type="stmt" count="29"/>
      <line num="104" type="stmt" count="29"/>
      <line num="105" type="stmt" count="0"/>
      <line num="107" type="stmt" count="0"/>
      <line num="108" type="stmt" count="0"/>
      <line num="111" type="stmt" count="29"/>
      <line num="114" type="stmt" count="29"/>
      <line num="115" type="stmt" count="7"/>
      <line num="116" type="stmt" count="0"/>
      <line num="121" type="stmt" count="22"/>
      <line num="122" type="stmt" count="0"/>
      <line num="127" type="stmt" count="0"/>
      <line num="128" type="stmt" count="0"/>
      <line num="129" type="stmt" count="0"/>
      <line num="131" type="stmt" count="0"/>
      <line num="134" type="stmt" count="22"/>
      <line num="135" type="stmt" count="2"/>
      <line num="138" type="stmt" count="20"/>
      <line num="144" type="stmt" count="1"/>
      <line num="151" type="stmt" count="20"/>
      <line num="164" type="stmt" count="20"/>
      <line num="167" type="method" name="setContext" visibility="public" complexity="1" crap="1" count="29"/>
      <line num="169" type="stmt" count="29"/>
      <line num="172" type="method" name="setSchemaFactory" visibility="public" complexity="1" crap="1" count="11"/>
      <line num="174" type="stmt" count="11"/>
      <line num="176" type="stmt" count="11"/>
      <line num="179" type="method" name="getSchema" visibility="public" complexity="1" crap="1" count="11"/>
      <line num="183" type="stmt" count="11"/>
      <line num="186" type="method" name="prepareArguments" visibility="protected" complexity="9" crap="9.16" count="29"/>
      <line num="188" type="stmt" count="29"/>
      <line num="189" type="stmt" count="29"/>
      <line num="190" type="stmt" count="29"/>
      <line num="191" type="stmt" count="20"/>
      <line num="192" type="stmt" count="20"/>
      <line num="200" type="stmt" count="20"/>
      <line num="204" type="stmt" count="29"/>
      <line num="207" type="stmt" count="0"/>
      <line num="217" type="method" name="resolveArguments" visibility="protected" complexity="32" crap="43.24" count="29"/>
      <line num="219" type="stmt" count="29"/>
      <line num="220" type="stmt" count="29"/>
      <line num="221" type="stmt" count="9"/>
      <line num="224" type="stmt" count="20"/>
      <line num="226" type="stmt" count="20"/>
      <line num="227" type="stmt" count="20"/>
      <line num="229" type="stmt" count="20"/>
      <line num="230" type="stmt" count="20"/>
      <line num="231" type="stmt" count="0"/>
      <line num="234" type="stmt" count="20"/>
      <line num="235" type="stmt" count="1"/>
      <line num="236" type="stmt" count="0"/>
      <line num="244" type="stmt" count="0"/>
      <line num="245" type="stmt" count="1"/>
      <line num="246" type="stmt" count="1"/>
      <line num="248" type="stmt" count="0"/>
      <line num="249" type="stmt" count="0"/>
      <line num="250" type="stmt" count="0"/>
      <line num="254" type="stmt" count="20"/>
      <line num="255" type="stmt" count="1"/>
      <line num="258" type="stmt" count="19"/>
      <line num="259" type="stmt" count="0"/>
      <line num="260" type="stmt" count="0"/>
      <line num="261" type="stmt" count="0"/>
      <line num="264" type="stmt" count="19"/>
      <line num="270" type="stmt" count="1"/>
      <line num="271" type="stmt" count="1"/>
      <line num="272" type="stmt" count="1"/>
      <line num="275" type="stmt" count="18"/>
      <line num="279" type="stmt" count="10"/>
      <line num="287" type="stmt" count="10"/>
      <line num="289" type="stmt" count="10"/>
      <line num="292" type="stmt" count="8"/>
      <line num="293" type="stmt" count="3"/>
      <line num="294" type="stmt" count="3"/>
      <line num="295" type="stmt" count="2"/>
      <line num="298" type="stmt" count="2"/>
      <line num="300" type="stmt" count="2"/>
      <line num="301" type="stmt" count="1"/>
      <line num="303" type="stmt" count="1"/>
      <line num="304" type="stmt" count="1"/>
      <line num="305" type="stmt" count="1"/>
      <line num="306" type="stmt" count="1"/>
      <line num="309" type="stmt" count="1"/>
      <line num="310" type="stmt" count="1"/>
      <line num="311" type="stmt" count="1"/>
      <line num="315" type="stmt" count="6"/>
      <line num="316" type="stmt" count="6"/>
      <line num="317" type="stmt" count="6"/>
      <line num="324" type="stmt" count="5"/>
      <line num="329" type="stmt" count="4"/>
      <line num="330" type="stmt" count="4"/>
      <line num="331" type="stmt" count="2"/>
      <line num="334" type="stmt" count="2"/>
      <line num="336" type="stmt" count="2"/>
      <line num="337" type="stmt" count="2"/>
      <line num="338" type="stmt" count="2"/>
      <line num="339" type="stmt" count="2"/>
      <line num="340" type="stmt" count="2"/>
      <line num="342" type="stmt" count="2"/>
      <line num="343" type="stmt" count="3"/>
      <line num="344" type="stmt" count="0"/>
      <line num="345" type="stmt" count="0"/>
      <line num="346" type="stmt" count="0"/>
      <line num="347" type="stmt" count="3"/>
      <line num="348" type="stmt" count="1"/>
      <line num="349" type="stmt" count="1"/>
      <line num="350" type="stmt" count="1"/>
      <line num="351" type="stmt" count="1"/>
      <line num="353" type="stmt" count="1"/>
      <line num="354" type="stmt" count="1"/>
      <line num="355" type="stmt" count="1"/>
      <line num="358" type="stmt" count="0"/>
      <line num="359" type="stmt" count="0"/>
      <line num="360" type="stmt" count="0"/>
      <line num="363" type="stmt" count="2"/>
      <line num="367" type="stmt" count="1"/>
      <line num="368" type="stmt" count="0"/>
      <line num="369" type="stmt" count="0"/>
      <line num="370" type="stmt" count="0"/>
      <line num="374" type="stmt" count="13"/>
      <metrics loc="377" ncloc="332" classes="1" methods="7" coveredmethods="4" conditionals="0" coveredconditionals="0" statements="120" coveredstatements="92" elements="127" coveredelements="96"/>
    </file>
    <file name="/app/src/Handler/SmartHandlerInterface.php">
      <metrics loc="13" ncloc="13" classes="0" methods="0" coveredmethods="0" conditionals="0" coveredconditionals="0" statements="0" coveredstatements="0" elements="0" coveredelements="0"/>
    </file>
    <file name="/app/src/Handler/Worker/WorkerInterface.php">
      <metrics loc="13" ncloc="13" classes="0" methods="0" coveredmethods="0" conditionals="0" coveredconditionals="0" statements="0" coveredstatements="0" elements="0" coveredelements="0"/>
    </file>
    <file name="/app/src/Handler/Worker/WorkerTrait.php">
      <class name="myrpc\Handler\Worker\WorkerTrait" namespace="global">
        <metrics complexity="1" methods="1" coveredmethods="1" conditionals="0" coveredconditionals="0" statements="1" coveredstatements="1" elements="2" coveredelements="2"/>
      </class>
      <line num="14" type="method" name="setupWorker" visibility="public" complexity="1" crap="1" count="29"/>
      <line num="16" type="stmt" count="29"/>
      <metrics loc="19" ncloc="19" classes="1" methods="1" coveredmethods="1" conditionals="0" coveredconditionals="0" statements="1" coveredstatements="1" elements="2" coveredelements="2"/>
    </file>
    <file name="/app/src/Identity/TokenIdentity.php">
      <class name="myrpc\Identity\TokenIdentity" namespace="global">
        <metrics complexity="2" methods="2" coveredmethods="2" conditionals="0" coveredconditionals="0" statements="2" coveredstatements="2" elements="4" coveredelements="4"/>
      </class>
      <line num="10" type="method" name="__construct" visibility="public" complexity="1" crap="1" count="42"/>
      <line num="12" type="stmt" count="42"/>
      <line num="14" type="method" name="getIdentityToken" visibility="public" complexity="1" crap="1" count="42"/>
      <line num="16" type="stmt" count="42"/>
      <metrics loc="19" ncloc="19" classes="1" methods="2" coveredmethods="2" conditionals="0" coveredconditionals="0" statements="2" coveredstatements="2" elements="4" coveredelements="4"/>
    </file>
    <file name="/app/src/Identity/TokenIdentityFactory.php">
      <class name="myrpc\Identity\TokenIdentityFactory" namespace="global">
        <metrics complexity="2" methods="1" coveredmethods="1" conditionals="0" coveredconditionals="0" statements="1" coveredstatements="1" elements="2" coveredelements="2"/>
      </class>
      <line num="9" type="method" name="create" visibility="public" complexity="2" crap="2" count="42"/>
      <line num="12" type="stmt" count="42"/>
      <metrics loc="15" ncloc="14" classes="1" methods="1" coveredmethods="1" conditionals="0" coveredconditionals="0" statements="1" coveredstatements="1" elements="2" coveredelements="2"/>
    </file>
    <file name="/app/src/Request/JsonRpcRequest.php">
      <class name="myrpc\Request\JsonRpcRequest" namespace="global">
        <metrics complexity="10" methods="6" coveredmethods="0" conditionals="0" coveredconditionals="0" statements="11" coveredstatements="0" elements="17" coveredelements="0"/>
      </class>
      <line num="22" type="method" name="__construct" visibility="public" complexity="5" crap="30" count="0"/>
      <line num="28" type="stmt" count="0"/>
      <line num="29" type="stmt" count="0"/>
      <line num="30" type="stmt" count="0"/>
      <line num="31" type="stmt" count="0"/>
      <line num="38" type="stmt" count="0"/>
      <line num="39" type="stmt" count="0"/>
      <line num="44" type="method" name="getService" visibility="public" complexity="1" crap="2" count="0"/>
      <line num="46" type="stmt" count="0"/>
      <line num="49" type="method" name="getAction" visibility="public" complexity="1" crap="2" count="0"/>
      <line num="51" type="stmt" count="0"/>
      <line num="54" type="method" name="getArguments" visibility="public" complexity="1" crap="2" count="0"/>
      <line num="56" type="stmt" count="0"/>
      <line num="59" type="method" name="getIdentityToken" visibility="public" complexity="1" crap="2" count="0"/>
      <line num="61" type="stmt" count="0"/>
      <line num="64" type="method" name="getRequestId" visibility="public" complexity="1" crap="2" count="0"/>
      <line num="66" type="stmt" count="0"/>
      <metrics loc="69" ncloc="63" classes="1" methods="6" coveredmethods="0" conditionals="0" coveredconditionals="0" statements="11" coveredstatements="0" elements="17" coveredelements="0"/>
    </file>
    <file name="/app/src/Request/JsonRpcRequestFactory.php">
      <class name="myrpc\Request\JsonRpcRequestFactory" namespace="global">
        <metrics complexity="11" methods="1" coveredmethods="0" conditionals="0" coveredconditionals="0" statements="9" coveredstatements="0" elements="10" coveredelements="0"/>
      </class>
      <line num="18" type="method" name="create" visibility="public" complexity="11" crap="132" count="0"/>
      <line num="39" type="stmt" count="0"/>
      <line num="40" type="stmt" count="0"/>
      <line num="41" type="stmt" count="0"/>
      <line num="42" type="stmt" count="0"/>
      <line num="45" type="stmt" count="0"/>
      <line num="46" type="stmt" count="0"/>
      <line num="47" type="stmt" count="0"/>
      <line num="48" type="stmt" count="0"/>
      <line num="50" type="stmt" count="0"/>
      <metrics loc="53" ncloc="35" classes="1" methods="1" coveredmethods="0" conditionals="0" coveredconditionals="0" statements="9" coveredstatements="0" elements="10" coveredelements="0"/>
    </file>
    <file name="/app/src/Request/RequestFactoryInterface.php">
      <metrics loc="11" ncloc="11" classes="0" methods="0" coveredmethods="0" conditionals="0" coveredconditionals="0" statements="0" coveredstatements="0" elements="0" coveredelements="0"/>
    </file>
    <file name="/app/src/Request/RequestInterface.php">
      <metrics loc="19" ncloc="19" classes="0" methods="0" coveredmethods="0" conditionals="0" coveredconditionals="0" statements="0" coveredstatements="0" elements="0" coveredelements="0"/>
    </file>
    <file name="/app/src/Request/SimpleRequest.php">
      <class name="myrpc\Request\SimpleRequest" namespace="global">
        <metrics complexity="6" methods="6" coveredmethods="6" conditionals="0" coveredconditionals="0" statements="6" coveredstatements="6" elements="12" coveredelements="12"/>
      </class>
      <line num="10" type="method" name="__construct" visibility="public" complexity="1" crap="1" count="42"/>
      <line num="17" type="stmt" count="42"/>
      <line num="19" type="method" name="getService" visibility="public" complexity="1" crap="1" count="42"/>
      <line num="21" type="stmt" count="42"/>
      <line num="24" type="method" name="getAction" visibility="public" complexity="1" crap="1" count="42"/>
      <line num="26" type="stmt" count="42"/>
      <line num="29" type="method" name="getArguments" visibility="public" complexity="1" crap="1" count="42"/>
      <line num="31" type="stmt" count="42"/>
      <line num="34" type="method" name="getIdentityToken" visibility="public" complexity="1" crap="1" count="42"/>
      <line num="36" type="stmt" count="42"/>
      <line num="39" type="method" name="getRequestId" visibility="public" complexity="1" crap="1" count="42"/>
      <line num="41" type="stmt" count="42"/>
      <metrics loc="44" ncloc="44" classes="1" methods="6" coveredmethods="6" conditionals="0" coveredconditionals="0" statements="6" coveredstatements="6" elements="12" coveredelements="12"/>
    </file>
    <file name="/app/src/Response/JsonRpcResponse.php">
      <class name="myrpc\Response\JsonRpcResponse" namespace="global">
        <metrics complexity="6" methods="5" coveredmethods="0" conditionals="0" coveredconditionals="0" statements="8" coveredstatements="0" elements="13" coveredelements="0"/>
      </class>
      <line num="19" type="method" name="__construct" visibility="public" complexity="1" crap="2" count="0"/>
      <line num="24" type="stmt" count="0"/>
      <line num="27" type="method" name="isSuccess" visibility="public" complexity="1" crap="2" count="0"/>
      <line num="29" type="stmt" count="0"/>
      <line num="35" type="method" name="getResponse" visibility="public" complexity="2" crap="6" count="0"/>
      <line num="39" type="stmt" count="0"/>
      <line num="43" type="stmt" count="0"/>
      <line num="44" type="stmt" count="0"/>
      <line num="45" type="stmt" count="0"/>
      <line num="49" type="method" name="getError" visibility="public" complexity="1" crap="2" count="0"/>
      <line num="51" type="stmt" count="0"/>
      <line num="54" type="method" name="getRequestId" visibility="public" complexity="1" crap="2" count="0"/>
      <line num="56" type="stmt" count="0"/>
      <metrics loc="59" ncloc="54" classes="1" methods="5" coveredmethods="0" conditionals="0" coveredconditionals="0" statements="8" coveredstatements="0" elements="13" coveredelements="0"/>
    </file>
    <file name="/app/src/Response/JsonRpcResponseFactory.php">
      <class name="myrpc\Response\JsonRpcResponseFactory" namespace="global">
        <metrics complexity="3" methods="3" coveredmethods="0" conditionals="0" coveredconditionals="0" statements="3" coveredstatements="0" elements="6" coveredelements="0"/>
      </class>
      <line num="11" type="method" name="createSuccessResponse" visibility="public" complexity="1" crap="2" count="0"/>
      <line num="29" type="stmt" count="0"/>
      <line num="32" type="method" name="createErrorResponse" visibility="public" complexity="1" crap="2" count="0"/>
      <line num="37" type="stmt" count="0"/>
      <line num="40" type="method" name="createExceptionResponse" visibility="public" complexity="1" crap="2" count="0"/>
      <line num="42" type="stmt" count="0"/>
      <metrics loc="45" ncloc="31" classes="1" methods="3" coveredmethods="0" conditionals="0" coveredconditionals="0" statements="3" coveredstatements="0" elements="6" coveredelements="0"/>
    </file>
    <file name="/app/src/Response/ResponseFactoryInterface.php">
      <metrics loc="24" ncloc="24" classes="0" methods="0" coveredmethods="0" conditionals="0" coveredconditionals="0" statements="0" coveredstatements="0" elements="0" coveredelements="0"/>
    </file>
    <file name="/app/src/Response/ResponseInterface.php">
      <metrics loc="20" ncloc="17" classes="0" methods="0" coveredmethods="0" conditionals="0" coveredconditionals="0" statements="0" coveredstatements="0" elements="0" coveredelements="0"/>
    </file>
    <file name="/app/src/Response/SimpleResponse.php">
      <class name="myrpc\Response\SimpleResponse" namespace="global">
        <metrics complexity="5" methods="5" coveredmethods="4" conditionals="0" coveredconditionals="0" statements="5" coveredstatements="4" elements="10" coveredelements="8"/>
      </class>
      <line num="10" type="method" name="__construct" visibility="public" complexity="1" crap="1" count="42"/>
      <line num="15" type="stmt" count="42"/>
      <line num="17" type="method" name="isSuccess" visibility="public" complexity="1" crap="1" count="29"/>
      <line num="19" type="stmt" count="29"/>
      <line num="25" type="method" name="getResponse" visibility="public" complexity="1" crap="1" count="42"/>
      <line num="27" type="stmt" count="42"/>
      <line num="30" type="method" name="getError" visibility="public" complexity="1" crap="1" count="9"/>
      <line num="32" type="stmt" count="9"/>
      <line num="35" type="method" name="getRequestId" visibility="public" complexity="1" crap="2" count="0"/>
      <line num="37" type="stmt" count="0"/>
      <metrics loc="40" ncloc="37" classes="1" methods="5" coveredmethods="4" conditionals="0" coveredconditionals="0" statements="5" coveredstatements="4" elements="10" coveredelements="8"/>
    </file>
    <file name="/app/src/Response/SimpleResponseFactory.php">
      <class name="myrpc\Response\SimpleResponseFactory" namespace="global">
        <metrics complexity="3" methods="3" coveredmethods="2" conditionals="0" coveredconditionals="0" statements="3" coveredstatements="2" elements="6" coveredelements="4"/>
      </class>
      <line num="11" type="method" name="createSuccessResponse" visibility="public" complexity="1" crap="1" count="31"/>
      <line num="15" type="stmt" count="31"/>
      <line num="18" type="method" name="createErrorResponse" visibility="public" complexity="1" crap="1" count="11"/>
      <line num="23" type="stmt" count="11"/>
      <line num="26" type="method" name="createExceptionResponse" visibility="public" complexity="1" crap="2" count="0"/>
      <line num="28" type="stmt" count="0"/>
      <metrics loc="31" ncloc="31" classes="1" methods="3" coveredmethods="2" conditionals="0" coveredconditionals="0" statements="3" coveredstatements="2" elements="6" coveredelements="4"/>
    </file>
    <file name="/app/src/Schema/JsonSchema.php">
      <class name="myrpc\Schema\JsonSchema" namespace="global">
        <metrics complexity="2" methods="2" coveredmethods="2" conditionals="0" coveredconditionals="0" statements="3" coveredstatements="3" elements="5" coveredelements="5"/>
      </class>
      <line num="18" type="method" name="__construct" visibility="public" complexity="1" crap="1" count="11"/>
      <line num="20" type="stmt" count="11"/>
      <line num="25" type="method" name="__toString" visibility="public" complexity="1" crap="1" count="11"/>
      <line num="28" type="stmt" count="11"/>
      <line num="32" type="stmt" count="11"/>
      <metrics loc="35" ncloc="27" classes="1" methods="2" coveredmethods="2" conditionals="0" coveredconditionals="0" statements="3" coveredstatements="3" elements="5" coveredelements="5"/>
    </file>
    <file name="/app/src/Schema/JsonSchemaFactory.php">
      <class name="myrpc\Schema\JsonSchemaFactory" namespace="global">
        <metrics complexity="7" methods="4" coveredmethods="2" conditionals="0" coveredconditionals="0" statements="20" coveredstatements="12" elements="24" coveredelements="14"/>
      </class>
      <line num="17" type="method" name="__construct" visibility="public" complexity="1" crap="1" count="11"/>
      <line num="19" type="stmt" count="11"/>
      <line num="24" type="method" name="newSchemaFromObject" visibility="public" complexity="1" crap="1" count="11"/>
      <line num="26" type="stmt" count="11"/>
      <line num="27" type="stmt" count="11"/>
      <line num="32" type="stmt" count="11"/>
      <line num="35" type="stmt" count="11"/>
      <line num="36" type="stmt" count="11"/>
      <line num="38" type="stmt" count="11"/>
      <line num="46" type="method" name="sortSchema" visibility="protected" complexity="4" crap="6.60" count="11"/>
      <line num="48" type="stmt" count="11"/>
      <line num="50" type="stmt" count="11"/>
      <line num="51" type="stmt" count="0"/>
      <line num="53" type="stmt" count="0"/>
      <line num="56" type="stmt" count="0"/>
      <line num="57" type="stmt" count="11"/>
      <line num="58" type="stmt" count="11"/>
      <line num="59" type="stmt" count="0"/>
      <line num="60" type="stmt" count="0"/>
      <line num="62" type="stmt" count="0"/>
      <line num="65" type="stmt" count="11"/>
      <line num="68" type="method" name="sortDefinitions" visibility="protected" complexity="1" crap="2" count="0"/>
      <line num="70" type="stmt" count="0"/>
      <line num="72" type="stmt" count="0"/>
      <metrics loc="75" ncloc="61" classes="1" methods="4" coveredmethods="2" conditionals="0" coveredconditionals="0" statements="20" coveredstatements="12" elements="24" coveredelements="14"/>
    </file>
    <file name="/app/src/Schema/SchemaFactoryInterface.php">
      <metrics loc="11" ncloc="11" classes="0" methods="0" coveredmethods="0" conditionals="0" coveredconditionals="0" statements="0" coveredstatements="0" elements="0" coveredelements="0"/>
    </file>
    <file name="/app/src/Schema/SchemaInterface.php">
      <metrics loc="14" ncloc="13" classes="0" methods="0" coveredmethods="0" conditionals="0" coveredconditionals="0" statements="0" coveredstatements="0" elements="0" coveredelements="0"/>
    </file>
    <file name="/app/src/SchemaServer.php">
      <class name="myrpc\SchemaServer" namespace="global">
        <metrics complexity="3" methods="2" coveredmethods="1" conditionals="0" coveredconditionals="0" statements="8" coveredstatements="7" elements="10" coveredelements="8"/>
      </class>
      <line num="13" type="method" name="__construct" visibility="public" complexity="1" crap="1" count="11"/>
      <line num="17" type="stmt" count="11"/>
      <line num="22" type="method" name="getServiceSchema" visibility="public" complexity="2" crap="2.01" count="11"/>
      <line num="24" type="stmt" count="11"/>
      <line num="25" type="stmt" count="11"/>
      <line num="26" type="stmt" count="11"/>
      <line num="27" type="stmt" count="11"/>
      <line num="28" type="stmt" count="11"/>
      <line num="30" type="stmt" count="11"/>
      <line num="33" type="stmt" count="0"/>
      <metrics loc="36" ncloc="32" classes="1" methods="2" coveredmethods="1" conditionals="0" coveredconditionals="0" statements="8" coveredstatements="7" elements="10" coveredelements="8"/>
    </file>
    <file name="/app/src/Serializer/JsonSerializer.php">
      <class name="myrpc\Serializer\JsonSerializer" namespace="global">
        <metrics complexity="4" methods="2" coveredmethods="1" conditionals="0" coveredconditionals="0" statements="33" coveredstatements="32" elements="35" coveredelements="33"/>
      </class>
      <line num="44" type="method" name="__construct" visibility="public" complexity="1" crap="1" count="40"/>
      <line num="46" type="stmt" count="40"/>
      <line num="52" type="stmt" count="40"/>
      <line num="53" type="stmt" count="40"/>
      <line num="54" type="stmt" count="40"/>
      <line num="55" type="stmt" count="40"/>
      <line num="56" type="stmt" count="40"/>
      <line num="57" type="stmt" count="40"/>
      <line num="58" type="stmt" count="40"/>
      <line num="59" type="stmt" count="40"/>
      <line num="60" type="stmt" count="40"/>
      <line num="61" type="stmt" count="40"/>
      <line num="62" type="stmt" count="40"/>
      <line num="64" type="stmt" count="40"/>
      <line num="72" type="method" name="denormalize" visibility="public" complexity="3" crap="3" count="5"/>
      <line num="80" type="stmt" count="5"/>
      <line num="82" type="stmt" count="5"/>
      <line num="86" type="stmt" count="5"/>
      <line num="87" type="stmt" count="5"/>
      <line num="88" type="stmt" count="5"/>
      <line num="89" type="stmt" count="5"/>
      <line num="90" type="stmt" count="5"/>
      <line num="91" type="stmt" count="5"/>
      <line num="92" type="stmt" count="5"/>
      <line num="93" type="stmt" count="5"/>
      <line num="94" type="stmt" count="5"/>
      <line num="95" type="stmt" count="5"/>
      <line num="96" type="stmt" count="5"/>
      <line num="97" type="stmt" count="5"/>
      <line num="107" type="stmt" count="5"/>
      <line num="108" type="stmt" count="4"/>
      <line num="109" type="stmt" count="0"/>
      <line num="112" type="stmt" count="4"/>
      <line num="113" type="stmt" count="1"/>
      <line num="114" type="stmt" count="1"/>
      <metrics loc="118" ncloc="89" classes="1" methods="2" coveredmethods="1" conditionals="0" coveredconditionals="0" statements="33" coveredstatements="32" elements="35" coveredelements="33"/>
    </file>
    <file name="/app/src/Serializer/SerializerInterface.php">
      <metrics loc="13" ncloc="13" classes="0" methods="0" coveredmethods="0" conditionals="0" coveredconditionals="0" statements="0" coveredstatements="0" elements="0" coveredelements="0"/>
    </file>
    <file name="/app/src/Validator/Symfony.php">
      <class name="myrpc\Validator\Symfony" namespace="global">
        <metrics complexity="5" methods="2" coveredmethods="1" conditionals="0" coveredconditionals="0" statements="12" coveredstatements="10" elements="14" coveredelements="11"/>
      </class>
      <line num="26" type="method" name="__construct" visibility="public" complexity="1" crap="1" count="40"/>
      <line num="28" type="stmt" count="40"/>
      <line num="29" type="stmt" count="40"/>
      <line num="30" type="stmt" count="40"/>
      <line num="31" type="stmt" count="40"/>
      <line num="38" type="method" name="validate" visibility="public" complexity="4" crap="4.25" count="4"/>
      <line num="40" type="stmt" count="4"/>
      <line num="42" type="stmt" count="4"/>
      <line num="43" type="stmt" count="4"/>
      <line num="44" type="stmt" count="2"/>
      <line num="45" type="stmt" count="2"/>
      <line num="48" type="stmt" count="0"/>
      <line num="49" type="stmt" count="0"/>
      <line num="52" type="stmt" count="4"/>
      <metrics loc="55" ncloc="43" classes="1" methods="2" coveredmethods="1" conditionals="0" coveredconditionals="0" statements="12" coveredstatements="10" elements="14" coveredelements="11"/>
    </file>
    <file name="/app/src/Validator/SymfonyResult.php">
      <class name="myrpc\Validator\SymfonyResult" namespace="global">
        <metrics complexity="4" methods="4" coveredmethods="3" conditionals="0" coveredconditionals="0" statements="4" coveredstatements="3" elements="8" coveredelements="6"/>
      </class>
      <line num="11" type="method" name="__construct" visibility="public" complexity="1" crap="1" count="2"/>
      <line num="16" type="stmt" count="2"/>
      <line num="18" type="method" name="getName" visibility="public" complexity="1" crap="1" count="2"/>
      <line num="20" type="stmt" count="2"/>
      <line num="23" type="method" name="getCode" visibility="public" complexity="1" crap="2" count="0"/>
      <line num="25" type="stmt" count="0"/>
      <line num="28" type="method" name="getMessage" visibility="public" complexity="1" crap="1" count="2"/>
      <line num="30" type="stmt" count="2"/>
      <metrics loc="33" ncloc="33" classes="1" methods="4" coveredmethods="3" conditionals="0" coveredconditionals="0" statements="4" coveredstatements="3" elements="8" coveredelements="6"/>
    </file>
    <file name="/app/src/Validator/ValidatorInterface.php">
      <metrics loc="11" ncloc="11" classes="0" methods="0" coveredmethods="0" conditionals="0" coveredconditionals="0" statements="0" coveredstatements="0" elements="0" coveredelements="0"/>
    </file>
    <file name="/app/src/Validator/ValidatorResultInterface.php">
      <metrics loc="17" ncloc="17" classes="0" methods="0" coveredmethods="0" conditionals="0" coveredconditionals="0" statements="0" coveredstatements="0" elements="0" coveredelements="0"/>
    </file>
    <metrics files="62" loc="2130" ncloc="1916" classes="28" methods="93" coveredmethods="52" conditionals="0" coveredconditionals="0" statements="353" coveredstatements="239" elements="446" coveredelements="291"/>
  </project>
</coverage>
